

================================================================
== Vitis HLS Report for 'phasedetector'
================================================================
* Date:           Thu Nov  2 19:41:11 2023

* Version:        2022.2 (Build 3670227 on Oct 13 2022)
* Project:        phasedetector
* Solution:       solution1 (Vivado IP Flow Target)
* Product family: zynq
* Target device:  xc7z020-clg400-1


================================================================
== Performance Estimates
================================================================
+ Timing: 
    * Summary: 
    +--------+----------+----------+------------+
    |  Clock |  Target  | Estimated| Uncertainty|
    +--------+----------+----------+------------+
    |ap_clk  |  10.00 ns|  7.256 ns|     2.70 ns|
    +--------+----------+----------+------------+

+ Latency: 
    * Summary: 
    +---------+---------+----------+----------+-----+-----+---------+
    |  Latency (cycles) |  Latency (absolute) |  Interval | Pipeline|
    |   min   |   max   |    min   |    max   | min | max |   Type  |
    +---------+---------+----------+----------+-----+-----+---------+
    |        ?|        ?|         ?|         ?|    ?|    ?|       no|
    +---------+---------+----------+----------+-----+-----+---------+

    + Detail: 
        * Instance: 
        +------------------+-------+---------+---------+----------+----------+-----+-----+---------+
        |                  |       |  Latency (cycles) |  Latency (absolute) |  Interval | Pipeline|
        |     Instance     | Module|   min   |   max   |    min   |    max   | min | max |   Type  |
        +------------------+-------+---------+---------+----------+----------+-----+-----+---------+
        |grp_firI1_fu_432  |firI1  |      160|      160|  1.600 us|  1.600 us|    1|    1|      yes|
        |grp_firI2_fu_499  |firI2  |      160|      160|  1.600 us|  1.600 us|    1|    1|      yes|
        |grp_firQ1_fu_566  |firQ1  |      159|      159|  1.590 us|  1.590 us|    1|    1|      yes|
        |grp_firQ2_fu_633  |firQ2  |      159|      159|  1.590 us|  1.590 us|    1|    1|      yes|
        +------------------+-------+---------+---------+----------+----------+-----+-----+---------+

        * Loop: 
        +-------------------+---------+---------+----------+-----------+-----------+------+----------+
        |                   |  Latency (cycles) | Iteration|  Initiation Interval  | Trip |          |
        |     Loop Name     |   min   |   max   |  Latency |  achieved |   target  | Count| Pipelined|
        +-------------------+---------+---------+----------+-----------+-----------+------+----------+
        |- VITIS_LOOP_28_1  |        ?|        ?|       326|          1|          1|     ?|       yes|
        +-------------------+---------+---------+----------+-----------+-----------+------+----------+



================================================================
== Utilization Estimates
================================================================
* Summary: 
+-----------------+---------+-----+--------+-------+-----+
|       Name      | BRAM_18K| DSP |   FF   |  LUT  | URAM|
+-----------------+---------+-----+--------+-------+-----+
|DSP              |        -|    -|       -|      -|    -|
|Expression       |        -|    -|       0|   2811|    -|
|FIFO             |        -|    -|       -|      -|    -|
|Instance         |        -|  405|   60323|  79057|    -|
|Memory           |        -|    -|       -|      -|    -|
|Multiplexer      |        -|    -|       -|     36|    -|
|Register         |        -|    -|    6178|   1344|    -|
+-----------------+---------+-----+--------+-------+-----+
|Total            |        0|  405|   66501|  83248|    0|
+-----------------+---------+-----+--------+-------+-----+
|Available        |      280|  220|  106400|  53200|    0|
+-----------------+---------+-----+--------+-------+-----+
|Utilization (%)  |        0|  184|      62|    156|    0|
+-----------------+---------+-----+--------+-------+-----+

+ Detail: 
    * Instance: 
    +---------------------------------------+----------------------------------+---------+----+-------+-------+-----+
    |                Instance               |              Module              | BRAM_18K| DSP|   FF  |  LUT  | URAM|
    +---------------------------------------+----------------------------------+---------+----+-------+-------+-----+
    |fadd_32ns_32ns_32_5_full_dsp_1_x_U134  |fadd_32ns_32ns_32_5_full_dsp_1_x  |        0|   2|    205|    390|    0|
    |fadd_32ns_32ns_32_5_full_dsp_1_x_U137  |fadd_32ns_32ns_32_5_full_dsp_1_x  |        0|   2|    205|    390|    0|
    |fadd_32ns_32ns_32_5_full_dsp_1_x_U139  |fadd_32ns_32ns_32_5_full_dsp_1_x  |        0|   2|    205|    390|    0|
    |fadd_32ns_32ns_32_5_full_dsp_1_x_U141  |fadd_32ns_32ns_32_5_full_dsp_1_x  |        0|   2|    205|    390|    0|
    |fadd_32ns_32ns_32_5_full_dsp_1_x_U143  |fadd_32ns_32ns_32_5_full_dsp_1_x  |        0|   2|    205|    390|    0|
    |fadd_32ns_32ns_32_5_full_dsp_1_x_U145  |fadd_32ns_32ns_32_5_full_dsp_1_x  |        0|   2|    205|    390|    0|
    |fadd_32ns_32ns_32_5_full_dsp_1_x_U147  |fadd_32ns_32ns_32_5_full_dsp_1_x  |        0|   2|    205|    390|    0|
    |fadd_32ns_32ns_32_5_full_dsp_1_x_U149  |fadd_32ns_32ns_32_5_full_dsp_1_x  |        0|   2|    205|    390|    0|
    |fadd_32ns_32ns_32_5_full_dsp_1_x_U150  |fadd_32ns_32ns_32_5_full_dsp_1_x  |        0|   2|    205|    390|    0|
    |fadd_32ns_32ns_32_5_full_dsp_1_x_U151  |fadd_32ns_32ns_32_5_full_dsp_1_x  |        0|   2|    205|    390|    0|
    |fadd_32ns_32ns_32_5_full_dsp_1_x_U153  |fadd_32ns_32ns_32_5_full_dsp_1_x  |        0|   2|    205|    390|    0|
    |fadd_32ns_32ns_32_5_full_dsp_1_x_U154  |fadd_32ns_32ns_32_5_full_dsp_1_x  |        0|   2|    205|    390|    0|
    |fadd_32ns_32ns_32_5_full_dsp_1_x_U155  |fadd_32ns_32ns_32_5_full_dsp_1_x  |        0|   2|    205|    390|    0|
    |fadd_32ns_32ns_32_5_full_dsp_1_x_U156  |fadd_32ns_32ns_32_5_full_dsp_1_x  |        0|   2|    205|    390|    0|
    |fadd_32ns_32ns_32_5_full_dsp_1_x_U158  |fadd_32ns_32ns_32_5_full_dsp_1_x  |        0|   2|    205|    390|    0|
    |fadd_32ns_32ns_32_5_full_dsp_1_x_U159  |fadd_32ns_32ns_32_5_full_dsp_1_x  |        0|   2|    205|    390|    0|
    |fadd_32ns_32ns_32_5_full_dsp_1_x_U160  |fadd_32ns_32ns_32_5_full_dsp_1_x  |        0|   2|    205|    390|    0|
    |fadd_32ns_32ns_32_5_full_dsp_1_x_U162  |fadd_32ns_32ns_32_5_full_dsp_1_x  |        0|   2|    205|    390|    0|
    |fadd_32ns_32ns_32_5_full_dsp_1_x_U163  |fadd_32ns_32ns_32_5_full_dsp_1_x  |        0|   2|    205|    390|    0|
    |fadd_32ns_32ns_32_5_full_dsp_1_x_U164  |fadd_32ns_32ns_32_5_full_dsp_1_x  |        0|   2|    205|    390|    0|
    |fadd_32ns_32ns_32_5_full_dsp_1_x_U166  |fadd_32ns_32ns_32_5_full_dsp_1_x  |        0|   2|    205|    390|    0|
    |fadd_32ns_32ns_32_5_full_dsp_1_x_U167  |fadd_32ns_32ns_32_5_full_dsp_1_x  |        0|   2|    205|    390|    0|
    |fadd_32ns_32ns_32_5_full_dsp_1_x_U168  |fadd_32ns_32ns_32_5_full_dsp_1_x  |        0|   2|    205|    390|    0|
    |fadd_32ns_32ns_32_5_full_dsp_1_x_U170  |fadd_32ns_32ns_32_5_full_dsp_1_x  |        0|   2|    205|    390|    0|
    |fadd_32ns_32ns_32_5_full_dsp_1_x_U171  |fadd_32ns_32ns_32_5_full_dsp_1_x  |        0|   2|    205|    390|    0|
    |fadd_32ns_32ns_32_5_full_dsp_1_x_U172  |fadd_32ns_32ns_32_5_full_dsp_1_x  |        0|   2|    205|    390|    0|
    |fcmp_32ns_32ns_1_2_no_dsp_1_U198       |fcmp_32ns_32ns_1_2_no_dsp_1       |        0|   0|      0|      0|    0|
    |fcmp_32ns_32ns_1_2_no_dsp_1_U199       |fcmp_32ns_32ns_1_2_no_dsp_1       |        0|   0|      0|      0|    0|
    |fcmp_32ns_32ns_1_2_no_dsp_1_U200       |fcmp_32ns_32ns_1_2_no_dsp_1       |        0|   0|      0|      0|    0|
    |fcmp_32ns_32ns_1_2_no_dsp_1_U201       |fcmp_32ns_32ns_1_2_no_dsp_1       |        0|   0|      0|      0|    0|
    |fcmp_32ns_32ns_1_2_no_dsp_1_U202       |fcmp_32ns_32ns_1_2_no_dsp_1       |        0|   0|      0|      0|    0|
    |fcmp_32ns_32ns_1_2_no_dsp_1_U203       |fcmp_32ns_32ns_1_2_no_dsp_1       |        0|   0|      0|      0|    0|
    |fcmp_32ns_32ns_1_2_no_dsp_1_U204       |fcmp_32ns_32ns_1_2_no_dsp_1       |        0|   0|      0|      0|    0|
    |fcmp_32ns_32ns_1_2_no_dsp_1_U205       |fcmp_32ns_32ns_1_2_no_dsp_1       |        0|   0|      0|      0|    0|
    |fcmp_32ns_32ns_1_2_no_dsp_1_U206       |fcmp_32ns_32ns_1_2_no_dsp_1       |        0|   0|      0|      0|    0|
    |fcmp_32ns_32ns_1_2_no_dsp_1_U207       |fcmp_32ns_32ns_1_2_no_dsp_1       |        0|   0|      0|      0|    0|
    |fcmp_32ns_32ns_1_2_no_dsp_1_U208       |fcmp_32ns_32ns_1_2_no_dsp_1       |        0|   0|      0|      0|    0|
    |fcmp_32ns_32ns_1_2_no_dsp_1_U209       |fcmp_32ns_32ns_1_2_no_dsp_1       |        0|   0|      0|      0|    0|
    |fcmp_32ns_32ns_1_2_no_dsp_1_U210       |fcmp_32ns_32ns_1_2_no_dsp_1       |        0|   0|      0|      0|    0|
    |fcmp_32ns_32ns_1_2_no_dsp_1_U211       |fcmp_32ns_32ns_1_2_no_dsp_1       |        0|   0|      0|      0|    0|
    |fcmp_32ns_32ns_1_2_no_dsp_1_U212       |fcmp_32ns_32ns_1_2_no_dsp_1       |        0|   0|      0|      0|    0|
    |fdiv_32ns_32ns_32_16_no_dsp_1_U197     |fdiv_32ns_32ns_32_16_no_dsp_1     |        0|   0|      0|      0|    0|
    |grp_firI1_fu_432                       |firI1                             |        0|  64|  12225|  14035|    0|
    |grp_firI2_fu_499                       |firI2                             |        0|  64|  12225|  14035|    0|
    |grp_firQ1_fu_566                       |firQ1                             |        0|  64|  12192|  14002|    0|
    |grp_firQ2_fu_633                       |firQ2                             |        0|  64|  12192|  14002|    0|
    |fmul_32ns_32ns_32_4_max_dsp_1_U174     |fmul_32ns_32ns_32_4_max_dsp_1     |        0|   3|    143|    321|    0|
    |fmul_32ns_32ns_32_4_max_dsp_1_U175     |fmul_32ns_32ns_32_4_max_dsp_1     |        0|   3|    143|    321|    0|
    |fmul_32ns_32ns_32_4_max_dsp_1_U176     |fmul_32ns_32ns_32_4_max_dsp_1     |        0|   3|    143|    321|    0|
    |fmul_32ns_32ns_32_4_max_dsp_1_U177     |fmul_32ns_32ns_32_4_max_dsp_1     |        0|   3|    143|    321|    0|
    |fmul_32ns_32ns_32_4_max_dsp_1_U178     |fmul_32ns_32ns_32_4_max_dsp_1     |        0|   3|    143|    321|    0|
    |fmul_32ns_32ns_32_4_max_dsp_1_U179     |fmul_32ns_32ns_32_4_max_dsp_1     |        0|   3|    143|    321|    0|
    |fmul_32ns_32ns_32_4_max_dsp_1_U180     |fmul_32ns_32ns_32_4_max_dsp_1     |        0|   3|    143|    321|    0|
    |fmul_32ns_32ns_32_4_max_dsp_1_U181     |fmul_32ns_32ns_32_4_max_dsp_1     |        0|   3|    143|    321|    0|
    |fmul_32ns_32ns_32_4_max_dsp_1_U182     |fmul_32ns_32ns_32_4_max_dsp_1     |        0|   3|    143|    321|    0|
    |fmul_32ns_32ns_32_4_max_dsp_1_U183     |fmul_32ns_32ns_32_4_max_dsp_1     |        0|   3|    143|    321|    0|
    |fmul_32ns_32ns_32_4_max_dsp_1_U184     |fmul_32ns_32ns_32_4_max_dsp_1     |        0|   3|    143|    321|    0|
    |fmul_32ns_32ns_32_4_max_dsp_1_U185     |fmul_32ns_32ns_32_4_max_dsp_1     |        0|   3|    143|    321|    0|
    |fmul_32ns_32ns_32_4_max_dsp_1_U186     |fmul_32ns_32ns_32_4_max_dsp_1     |        0|   3|    143|    321|    0|
    |fmul_32ns_32ns_32_4_max_dsp_1_U187     |fmul_32ns_32ns_32_4_max_dsp_1     |        0|   3|    143|    321|    0|
    |fmul_32ns_32ns_32_4_max_dsp_1_U188     |fmul_32ns_32ns_32_4_max_dsp_1     |        0|   3|    143|    321|    0|
    |fmul_32ns_32ns_32_4_max_dsp_1_U189     |fmul_32ns_32ns_32_4_max_dsp_1     |        0|   3|    143|    321|    0|
    |fmul_32ns_32ns_32_4_max_dsp_1_U190     |fmul_32ns_32ns_32_4_max_dsp_1     |        0|   3|    143|    321|    0|
    |fmul_32ns_32ns_32_4_max_dsp_1_U191     |fmul_32ns_32ns_32_4_max_dsp_1     |        0|   3|    143|    321|    0|
    |fmul_32ns_32ns_32_4_max_dsp_1_U192     |fmul_32ns_32ns_32_4_max_dsp_1     |        0|   3|    143|    321|    0|
    |fmul_32ns_32ns_32_4_max_dsp_1_U193     |fmul_32ns_32ns_32_4_max_dsp_1     |        0|   3|    143|    321|    0|
    |fmul_32ns_32ns_32_4_max_dsp_1_U194     |fmul_32ns_32ns_32_4_max_dsp_1     |        0|   3|    143|    321|    0|
    |fmul_32ns_32ns_32_4_max_dsp_1_U195     |fmul_32ns_32ns_32_4_max_dsp_1     |        0|   3|    143|    321|    0|
    |fmul_32ns_32ns_32_4_max_dsp_1_U196     |fmul_32ns_32ns_32_4_max_dsp_1     |        0|   3|    143|    321|    0|
    |fsub_32ns_32ns_32_5_full_dsp_1_U135    |fsub_32ns_32ns_32_5_full_dsp_1    |        0|   2|    205|    390|    0|
    |fsub_32ns_32ns_32_5_full_dsp_1_U136    |fsub_32ns_32ns_32_5_full_dsp_1    |        0|   2|    205|    390|    0|
    |fsub_32ns_32ns_32_5_full_dsp_1_U138    |fsub_32ns_32ns_32_5_full_dsp_1    |        0|   2|    205|    390|    0|
    |fsub_32ns_32ns_32_5_full_dsp_1_U140    |fsub_32ns_32ns_32_5_full_dsp_1    |        0|   2|    205|    390|    0|
    |fsub_32ns_32ns_32_5_full_dsp_1_U142    |fsub_32ns_32ns_32_5_full_dsp_1    |        0|   2|    205|    390|    0|
    |fsub_32ns_32ns_32_5_full_dsp_1_U144    |fsub_32ns_32ns_32_5_full_dsp_1    |        0|   2|    205|    390|    0|
    |fsub_32ns_32ns_32_5_full_dsp_1_U146    |fsub_32ns_32ns_32_5_full_dsp_1    |        0|   2|    205|    390|    0|
    |fsub_32ns_32ns_32_5_full_dsp_1_U148    |fsub_32ns_32ns_32_5_full_dsp_1    |        0|   2|    205|    390|    0|
    |fsub_32ns_32ns_32_5_full_dsp_1_U152    |fsub_32ns_32ns_32_5_full_dsp_1    |        0|   2|    205|    390|    0|
    |fsub_32ns_32ns_32_5_full_dsp_1_U157    |fsub_32ns_32ns_32_5_full_dsp_1    |        0|   2|    205|    390|    0|
    |fsub_32ns_32ns_32_5_full_dsp_1_U161    |fsub_32ns_32ns_32_5_full_dsp_1    |        0|   2|    205|    390|    0|
    |fsub_32ns_32ns_32_5_full_dsp_1_U165    |fsub_32ns_32ns_32_5_full_dsp_1    |        0|   2|    205|    390|    0|
    |fsub_32ns_32ns_32_5_full_dsp_1_U169    |fsub_32ns_32ns_32_5_full_dsp_1    |        0|   2|    205|    390|    0|
    |fsub_32ns_32ns_32_5_full_dsp_1_U173    |fsub_32ns_32ns_32_5_full_dsp_1    |        0|   2|    205|    390|    0|
    +---------------------------------------+----------------------------------+---------+----+-------+-------+-----+
    |Total                                  |                                  |        0| 405|  60323|  79057|    0|
    +---------------------------------------+----------------------------------+---------+----+-------+-------+-----+

    * DSP: 
    N/A

    * Memory: 
    N/A

    * FIFO: 
    N/A

    * Expression: 
    +---------------------------+----------+----+---+----+------------+------------+
    |       Variable Name       | Operation| DSP| FF| LUT| Bitwidth P0| Bitwidth P1|
    +---------------------------+----------+----+---+----+------------+------------+
    |add_ln28_fu_1073_p2        |         +|   0|  0|  38|          31|           1|
    |and_ln20_1_fu_1127_p2      |       and|   0|  0|   2|           1|           1|
    |and_ln20_2_fu_1167_p2      |       and|   0|  0|   2|           1|           1|
    |and_ln20_fu_1172_p2        |       and|   0|  0|   2|           1|           1|
    |and_ln46_10_fu_2101_p2     |       and|   0|  0|   2|           1|           1|
    |and_ln46_11_fu_2192_p2     |       and|   0|  0|   2|           1|           1|
    |and_ln46_12_fu_2283_p2     |       and|   0|  0|   2|           1|           1|
    |and_ln46_1_fu_1338_p2      |       and|   0|  0|   2|           1|           1|
    |and_ln46_2_fu_1415_p2      |       and|   0|  0|   2|           1|           1|
    |and_ln46_3_fu_1492_p2      |       and|   0|  0|   2|           1|           1|
    |and_ln46_4_fu_1569_p2      |       and|   0|  0|   2|           1|           1|
    |and_ln46_5_fu_1646_p2      |       and|   0|  0|   2|           1|           1|
    |and_ln46_6_fu_1723_p2      |       and|   0|  0|   2|           1|           1|
    |and_ln46_7_fu_1828_p2      |       and|   0|  0|   2|           1|           1|
    |and_ln46_8_fu_1919_p2      |       and|   0|  0|   2|           1|           1|
    |and_ln46_9_fu_2010_p2      |       and|   0|  0|   2|           1|           1|
    |and_ln46_fu_1261_p2        |       and|   0|  0|   2|           1|           1|
    |ap_condition_3238          |       and|   0|  0|   2|           1|           1|
    |icmp_ln20_1_fu_1115_p2     |      icmp|   0|  0|  15|          23|           1|
    |icmp_ln20_2_fu_1149_p2     |      icmp|   0|  0|  11|           8|           2|
    |icmp_ln20_3_fu_1155_p2     |      icmp|   0|  0|  15|          23|           1|
    |icmp_ln20_fu_1109_p2       |      icmp|   0|  0|  11|           8|           2|
    |icmp_ln28_fu_1067_p2       |      icmp|   0|  0|  18|          32|          32|
    |icmp_ln46_10_fu_1628_p2    |      icmp|   0|  0|  11|           8|           2|
    |icmp_ln46_11_fu_1634_p2    |      icmp|   0|  0|  15|          23|           1|
    |icmp_ln46_12_fu_1705_p2    |      icmp|   0|  0|  11|           8|           2|
    |icmp_ln46_13_fu_1711_p2    |      icmp|   0|  0|  15|          23|           1|
    |icmp_ln46_14_fu_1810_p2    |      icmp|   0|  0|  11|           8|           2|
    |icmp_ln46_15_fu_1816_p2    |      icmp|   0|  0|  15|          23|           1|
    |icmp_ln46_16_fu_1901_p2    |      icmp|   0|  0|  11|           8|           2|
    |icmp_ln46_17_fu_1907_p2    |      icmp|   0|  0|  15|          23|           1|
    |icmp_ln46_18_fu_1992_p2    |      icmp|   0|  0|  11|           8|           2|
    |icmp_ln46_19_fu_1998_p2    |      icmp|   0|  0|  15|          23|           1|
    |icmp_ln46_1_fu_1249_p2     |      icmp|   0|  0|  15|          23|           1|
    |icmp_ln46_20_fu_2083_p2    |      icmp|   0|  0|  11|           8|           2|
    |icmp_ln46_21_fu_2089_p2    |      icmp|   0|  0|  15|          23|           1|
    |icmp_ln46_22_fu_2174_p2    |      icmp|   0|  0|  11|           8|           2|
    |icmp_ln46_23_fu_2180_p2    |      icmp|   0|  0|  15|          23|           1|
    |icmp_ln46_24_fu_2265_p2    |      icmp|   0|  0|  11|           8|           2|
    |icmp_ln46_25_fu_2271_p2    |      icmp|   0|  0|  15|          23|           1|
    |icmp_ln46_2_fu_1320_p2     |      icmp|   0|  0|  11|           8|           2|
    |icmp_ln46_3_fu_1326_p2     |      icmp|   0|  0|  15|          23|           1|
    |icmp_ln46_4_fu_1397_p2     |      icmp|   0|  0|  11|           8|           2|
    |icmp_ln46_5_fu_1403_p2     |      icmp|   0|  0|  15|          23|           1|
    |icmp_ln46_6_fu_1474_p2     |      icmp|   0|  0|  11|           8|           2|
    |icmp_ln46_7_fu_1480_p2     |      icmp|   0|  0|  15|          23|           1|
    |icmp_ln46_8_fu_1551_p2     |      icmp|   0|  0|  11|           8|           2|
    |icmp_ln46_9_fu_1557_p2     |      icmp|   0|  0|  15|          23|           1|
    |icmp_ln46_fu_1243_p2       |      icmp|   0|  0|  11|           8|           2|
    |or_ln20_1_fu_1161_p2       |        or|   0|  0|   2|           1|           1|
    |or_ln20_fu_1121_p2         |        or|   0|  0|   2|           1|           1|
    |or_ln46_10_fu_2095_p2      |        or|   0|  0|   2|           1|           1|
    |or_ln46_11_fu_2186_p2      |        or|   0|  0|   2|           1|           1|
    |or_ln46_12_fu_2277_p2      |        or|   0|  0|   2|           1|           1|
    |or_ln46_1_fu_1332_p2       |        or|   0|  0|   2|           1|           1|
    |or_ln46_2_fu_1409_p2       |        or|   0|  0|   2|           1|           1|
    |or_ln46_3_fu_1486_p2       |        or|   0|  0|   2|           1|           1|
    |or_ln46_4_fu_1563_p2       |        or|   0|  0|   2|           1|           1|
    |or_ln46_5_fu_1640_p2       |        or|   0|  0|   2|           1|           1|
    |or_ln46_6_fu_1717_p2       |        or|   0|  0|   2|           1|           1|
    |or_ln46_7_fu_1822_p2       |        or|   0|  0|   2|           1|           1|
    |or_ln46_8_fu_1913_p2       |        or|   0|  0|   2|           1|           1|
    |or_ln46_9_fu_2004_p2       |        or|   0|  0|   2|           1|           1|
    |or_ln46_fu_1255_p2         |        or|   0|  0|   2|           1|           1|
    |current_cos_2_fu_1205_p3   |    select|   0|  0|  32|           1|          32|
    |current_cos_3_fu_1211_p3   |    select|   0|  0|  32|           1|          32|
    |current_sin_2_fu_1198_p3   |    select|   0|  0|  32|           1|          32|
    |current_sin_3_fu_1219_p3   |    select|   0|  0|  32|           1|          32|
    |grp_fu_860_p0              |    select|   0|  0|  32|           1|          32|
    |grp_fu_865_p0              |    select|   0|  0|  32|           1|          32|
    |grp_fu_870_p0              |    select|   0|  0|  32|           1|          32|
    |grp_fu_875_p0              |    select|   0|  0|  32|           1|          32|
    |grp_fu_880_p0              |    select|   0|  0|  32|           1|          32|
    |grp_fu_885_p0              |    select|   0|  0|  32|           1|          32|
    |grp_fu_890_p0              |    select|   0|  0|  32|           1|          32|
    |grp_fu_895_p0              |    select|   0|  0|  32|           1|          32|
    |grp_fu_900_p0              |    select|   0|  0|  32|           1|          32|
    |grp_fu_905_p0              |    select|   0|  0|  32|           1|          32|
    |grp_fu_910_p0              |    select|   0|  0|  32|           1|          32|
    |grp_fu_915_p0              |    select|   0|  0|  32|           1|          32|
    |grp_fu_920_p0              |    select|   0|  0|  32|           1|          32|
    |grp_fu_925_p0              |    select|   0|  0|  32|           1|          32|
    |grp_fu_930_p0              |    select|   0|  0|  32|           1|          32|
    |grp_fu_935_p0              |    select|   0|  0|  32|           1|          32|
    |grp_fu_940_p0              |    select|   0|  0|  32|           1|          32|
    |grp_fu_945_p0              |    select|   0|  0|  32|           1|          32|
    |grp_fu_950_p0              |    select|   0|  0|  32|           1|          32|
    |grp_fu_955_p0              |    select|   0|  0|  32|           1|          32|
    |grp_fu_960_p0              |    select|   0|  0|  32|           1|          32|
    |grp_fu_965_p0              |    select|   0|  0|  32|           1|          32|
    |grp_fu_970_p0              |    select|   0|  0|  32|           1|          32|
    |select_ln20_1_fu_1772_p3   |    select|   0|  0|  32|           1|          32|
    |select_ln20_fu_1765_p3     |    select|   0|  0|  32|           1|          32|
    |select_ln46_12_fu_1961_p3  |    select|   0|  0|  32|           1|          30|
    |select_ln46_15_fu_1968_p3  |    select|   0|  0|  32|           1|          30|
    |select_ln46_18_fu_2052_p3  |    select|   0|  0|  32|           1|          30|
    |select_ln46_1_fu_1289_p3   |    select|   0|  0|  32|           1|          32|
    |select_ln46_21_fu_2059_p3  |    select|   0|  0|  32|           1|          30|
    |select_ln46_24_fu_2143_p3  |    select|   0|  0|  32|           1|          30|
    |select_ln46_27_fu_2150_p3  |    select|   0|  0|  32|           1|          30|
    |select_ln46_2_fu_1296_p3   |    select|   0|  0|  32|           1|          32|
    |select_ln46_30_fu_2198_p3  |    select|   0|  0|  32|           1|          30|
    |select_ln46_33_fu_2241_p3  |    select|   0|  0|  32|           1|          30|
    |select_ln46_36_fu_2289_p3  |    select|   0|  0|  32|           1|          30|
    |select_ln46_3_fu_1786_p3   |    select|   0|  0|  32|           1|          30|
    |select_ln46_6_fu_1870_p3   |    select|   0|  0|  32|           1|          30|
    |select_ln46_9_fu_1877_p3   |    select|   0|  0|  32|           1|          30|
    |select_ln46_fu_1779_p3     |    select|   0|  0|  32|           1|          30|
    |ap_enable_pp0              |       xor|   0|  0|   2|           1|           2|
    |xor_ln22_fu_1178_p2        |       xor|   0|  0|  33|          32|          33|
    |xor_ln30_fu_1188_p2        |       xor|   0|  0|  33|          32|          33|
    |xor_ln49_10_fu_2110_p2     |       xor|   0|  0|  33|          32|          33|
    |xor_ln49_11_fu_2208_p2     |       xor|   0|  0|  33|          32|          33|
    |xor_ln49_1_fu_1347_p2      |       xor|   0|  0|  33|          32|          33|
    |xor_ln49_2_fu_1424_p2      |       xor|   0|  0|  33|          32|          33|
    |xor_ln49_3_fu_1501_p2      |       xor|   0|  0|  33|          32|          33|
    |xor_ln49_4_fu_1578_p2      |       xor|   0|  0|  33|          32|          33|
    |xor_ln49_5_fu_1655_p2      |       xor|   0|  0|  33|          32|          33|
    |xor_ln49_6_fu_1732_p2      |       xor|   0|  0|  33|          32|          33|
    |xor_ln49_7_fu_1837_p2      |       xor|   0|  0|  33|          32|          33|
    |xor_ln49_8_fu_1928_p2      |       xor|   0|  0|  33|          32|          33|
    |xor_ln49_9_fu_2019_p2      |       xor|   0|  0|  33|          32|          33|
    |xor_ln49_fu_1269_p2        |       xor|   0|  0|  33|          32|          33|
    |xor_ln50_10_fu_2120_p2     |       xor|   0|  0|  33|          32|          33|
    |xor_ln50_11_fu_2218_p2     |       xor|   0|  0|  33|          32|          33|
    |xor_ln50_12_fu_2297_p2     |       xor|   0|  0|  33|          32|          33|
    |xor_ln50_1_fu_1357_p2      |       xor|   0|  0|  33|          32|          33|
    |xor_ln50_2_fu_1434_p2      |       xor|   0|  0|  33|          32|          33|
    |xor_ln50_3_fu_1511_p2      |       xor|   0|  0|  33|          32|          33|
    |xor_ln50_4_fu_1588_p2      |       xor|   0|  0|  33|          32|          33|
    |xor_ln50_5_fu_1665_p2      |       xor|   0|  0|  33|          32|          33|
    |xor_ln50_6_fu_1742_p2      |       xor|   0|  0|  33|          32|          33|
    |xor_ln50_7_fu_1847_p2      |       xor|   0|  0|  33|          32|          33|
    |xor_ln50_8_fu_1938_p2      |       xor|   0|  0|  33|          32|          33|
    |xor_ln50_9_fu_2029_p2      |       xor|   0|  0|  33|          32|          33|
    |xor_ln50_fu_1279_p2        |       xor|   0|  0|  33|          32|          33|
    +---------------------------+----------+----+---+----+------------+------------+
    |Total                      |          |   0|  0|2811|        1469|        2385|
    +---------------------------+----------+----+---+----+------------+------------+

    * Multiplexer: 
    +-------------------------+----+-----------+-----+-----------+
    |           Name          | LUT| Input Size| Bits| Total Bits|
    +-------------------------+----+-----------+-----+-----------+
    |ap_done_int              |   9|          2|    1|          2|
    |ap_enable_reg_pp0_iter1  |   9|          2|    1|          2|
    |ap_sig_allocacmp_i_load  |   9|          2|   31|         62|
    |i_fu_396                 |   9|          2|   31|         62|
    +-------------------------+----+-----------+-----+-----------+
    |Total                    |  36|          8|   64|        128|
    +-------------------------+----+-----------+-----+-----------+

    * Register: 
    +------------------------------------+----+----+-----+-----------+
    |                Name                | FF | LUT| Bits| Const Bits|
    +------------------------------------+----+----+-----+-----------+
    |Corr_II_reg_2356                    |  32|   0|   32|          0|
    |Corr_IQ_reg_2361                    |  32|   0|   32|          0|
    |Corr_QI_reg_2366                    |  32|   0|   32|          0|
    |Corr_QQ_reg_2371                    |  32|   0|   32|          0|
    |I_read_reg_2334                     |  32|   0|   32|          0|
    |Q_read_reg_2339                     |  32|   0|   32|          0|
    |X_reg_2376                          |  32|   0|   32|          0|
    |Y_reg_2384                          |  32|   0|   32|          0|
    |and_ln20_1_reg_2402                 |   1|   0|    1|          0|
    |and_ln20_reg_2407                   |   1|   0|    1|          0|
    |and_ln46_10_reg_2970                |   1|   0|    1|          0|
    |and_ln46_11_reg_3037                |   1|   0|    1|          0|
    |and_ln46_12_reg_3106                |   1|   0|    1|          0|
    |and_ln46_1_reg_2467                 |   1|   0|    1|          0|
    |and_ln46_2_reg_2514                 |   1|   0|    1|          0|
    |and_ln46_3_reg_2561                 |   1|   0|    1|          0|
    |and_ln46_4_reg_2608                 |   1|   0|    1|          0|
    |and_ln46_5_reg_2655                 |   1|   0|    1|          0|
    |and_ln46_6_reg_2702                 |   1|   0|    1|          0|
    |and_ln46_7_reg_2769                 |   1|   0|    1|          0|
    |and_ln46_8_reg_2836                 |   1|   0|    1|          0|
    |and_ln46_9_reg_2903                 |   1|   0|    1|          0|
    |and_ln46_reg_2432                   |   1|   0|    1|          0|
    |ap_CS_fsm                           |   1|   0|    1|          0|
    |ap_done_reg                         |   1|   0|    1|          0|
    |ap_enable_reg_pp0_iter1             |   1|   0|    1|          0|
    |ap_enable_reg_pp0_iter10            |   1|   0|    1|          0|
    |ap_enable_reg_pp0_iter100           |   1|   0|    1|          0|
    |ap_enable_reg_pp0_iter101           |   1|   0|    1|          0|
    |ap_enable_reg_pp0_iter102           |   1|   0|    1|          0|
    |ap_enable_reg_pp0_iter103           |   1|   0|    1|          0|
    |ap_enable_reg_pp0_iter104           |   1|   0|    1|          0|
    |ap_enable_reg_pp0_iter105           |   1|   0|    1|          0|
    |ap_enable_reg_pp0_iter106           |   1|   0|    1|          0|
    |ap_enable_reg_pp0_iter107           |   1|   0|    1|          0|
    |ap_enable_reg_pp0_iter108           |   1|   0|    1|          0|
    |ap_enable_reg_pp0_iter109           |   1|   0|    1|          0|
    |ap_enable_reg_pp0_iter11            |   1|   0|    1|          0|
    |ap_enable_reg_pp0_iter110           |   1|   0|    1|          0|
    |ap_enable_reg_pp0_iter111           |   1|   0|    1|          0|
    |ap_enable_reg_pp0_iter112           |   1|   0|    1|          0|
    |ap_enable_reg_pp0_iter113           |   1|   0|    1|          0|
    |ap_enable_reg_pp0_iter114           |   1|   0|    1|          0|
    |ap_enable_reg_pp0_iter115           |   1|   0|    1|          0|
    |ap_enable_reg_pp0_iter116           |   1|   0|    1|          0|
    |ap_enable_reg_pp0_iter117           |   1|   0|    1|          0|
    |ap_enable_reg_pp0_iter118           |   1|   0|    1|          0|
    |ap_enable_reg_pp0_iter119           |   1|   0|    1|          0|
    |ap_enable_reg_pp0_iter12            |   1|   0|    1|          0|
    |ap_enable_reg_pp0_iter120           |   1|   0|    1|          0|
    |ap_enable_reg_pp0_iter121           |   1|   0|    1|          0|
    |ap_enable_reg_pp0_iter122           |   1|   0|    1|          0|
    |ap_enable_reg_pp0_iter123           |   1|   0|    1|          0|
    |ap_enable_reg_pp0_iter124           |   1|   0|    1|          0|
    |ap_enable_reg_pp0_iter125           |   1|   0|    1|          0|
    |ap_enable_reg_pp0_iter126           |   1|   0|    1|          0|
    |ap_enable_reg_pp0_iter127           |   1|   0|    1|          0|
    |ap_enable_reg_pp0_iter128           |   1|   0|    1|          0|
    |ap_enable_reg_pp0_iter129           |   1|   0|    1|          0|
    |ap_enable_reg_pp0_iter13            |   1|   0|    1|          0|
    |ap_enable_reg_pp0_iter130           |   1|   0|    1|          0|
    |ap_enable_reg_pp0_iter131           |   1|   0|    1|          0|
    |ap_enable_reg_pp0_iter132           |   1|   0|    1|          0|
    |ap_enable_reg_pp0_iter133           |   1|   0|    1|          0|
    |ap_enable_reg_pp0_iter134           |   1|   0|    1|          0|
    |ap_enable_reg_pp0_iter135           |   1|   0|    1|          0|
    |ap_enable_reg_pp0_iter136           |   1|   0|    1|          0|
    |ap_enable_reg_pp0_iter137           |   1|   0|    1|          0|
    |ap_enable_reg_pp0_iter138           |   1|   0|    1|          0|
    |ap_enable_reg_pp0_iter139           |   1|   0|    1|          0|
    |ap_enable_reg_pp0_iter14            |   1|   0|    1|          0|
    |ap_enable_reg_pp0_iter140           |   1|   0|    1|          0|
    |ap_enable_reg_pp0_iter141           |   1|   0|    1|          0|
    |ap_enable_reg_pp0_iter142           |   1|   0|    1|          0|
    |ap_enable_reg_pp0_iter143           |   1|   0|    1|          0|
    |ap_enable_reg_pp0_iter144           |   1|   0|    1|          0|
    |ap_enable_reg_pp0_iter145           |   1|   0|    1|          0|
    |ap_enable_reg_pp0_iter146           |   1|   0|    1|          0|
    |ap_enable_reg_pp0_iter147           |   1|   0|    1|          0|
    |ap_enable_reg_pp0_iter148           |   1|   0|    1|          0|
    |ap_enable_reg_pp0_iter149           |   1|   0|    1|          0|
    |ap_enable_reg_pp0_iter15            |   1|   0|    1|          0|
    |ap_enable_reg_pp0_iter150           |   1|   0|    1|          0|
    |ap_enable_reg_pp0_iter151           |   1|   0|    1|          0|
    |ap_enable_reg_pp0_iter152           |   1|   0|    1|          0|
    |ap_enable_reg_pp0_iter153           |   1|   0|    1|          0|
    |ap_enable_reg_pp0_iter154           |   1|   0|    1|          0|
    |ap_enable_reg_pp0_iter155           |   1|   0|    1|          0|
    |ap_enable_reg_pp0_iter156           |   1|   0|    1|          0|
    |ap_enable_reg_pp0_iter157           |   1|   0|    1|          0|
    |ap_enable_reg_pp0_iter158           |   1|   0|    1|          0|
    |ap_enable_reg_pp0_iter159           |   1|   0|    1|          0|
    |ap_enable_reg_pp0_iter16            |   1|   0|    1|          0|
    |ap_enable_reg_pp0_iter160           |   1|   0|    1|          0|
    |ap_enable_reg_pp0_iter161           |   1|   0|    1|          0|
    |ap_enable_reg_pp0_iter162           |   1|   0|    1|          0|
    |ap_enable_reg_pp0_iter163           |   1|   0|    1|          0|
    |ap_enable_reg_pp0_iter164           |   1|   0|    1|          0|
    |ap_enable_reg_pp0_iter165           |   1|   0|    1|          0|
    |ap_enable_reg_pp0_iter166           |   1|   0|    1|          0|
    |ap_enable_reg_pp0_iter167           |   1|   0|    1|          0|
    |ap_enable_reg_pp0_iter168           |   1|   0|    1|          0|
    |ap_enable_reg_pp0_iter169           |   1|   0|    1|          0|
    |ap_enable_reg_pp0_iter17            |   1|   0|    1|          0|
    |ap_enable_reg_pp0_iter170           |   1|   0|    1|          0|
    |ap_enable_reg_pp0_iter171           |   1|   0|    1|          0|
    |ap_enable_reg_pp0_iter172           |   1|   0|    1|          0|
    |ap_enable_reg_pp0_iter173           |   1|   0|    1|          0|
    |ap_enable_reg_pp0_iter174           |   1|   0|    1|          0|
    |ap_enable_reg_pp0_iter175           |   1|   0|    1|          0|
    |ap_enable_reg_pp0_iter176           |   1|   0|    1|          0|
    |ap_enable_reg_pp0_iter177           |   1|   0|    1|          0|
    |ap_enable_reg_pp0_iter178           |   1|   0|    1|          0|
    |ap_enable_reg_pp0_iter179           |   1|   0|    1|          0|
    |ap_enable_reg_pp0_iter18            |   1|   0|    1|          0|
    |ap_enable_reg_pp0_iter180           |   1|   0|    1|          0|
    |ap_enable_reg_pp0_iter181           |   1|   0|    1|          0|
    |ap_enable_reg_pp0_iter182           |   1|   0|    1|          0|
    |ap_enable_reg_pp0_iter183           |   1|   0|    1|          0|
    |ap_enable_reg_pp0_iter184           |   1|   0|    1|          0|
    |ap_enable_reg_pp0_iter185           |   1|   0|    1|          0|
    |ap_enable_reg_pp0_iter186           |   1|   0|    1|          0|
    |ap_enable_reg_pp0_iter187           |   1|   0|    1|          0|
    |ap_enable_reg_pp0_iter188           |   1|   0|    1|          0|
    |ap_enable_reg_pp0_iter189           |   1|   0|    1|          0|
    |ap_enable_reg_pp0_iter19            |   1|   0|    1|          0|
    |ap_enable_reg_pp0_iter190           |   1|   0|    1|          0|
    |ap_enable_reg_pp0_iter191           |   1|   0|    1|          0|
    |ap_enable_reg_pp0_iter192           |   1|   0|    1|          0|
    |ap_enable_reg_pp0_iter193           |   1|   0|    1|          0|
    |ap_enable_reg_pp0_iter194           |   1|   0|    1|          0|
    |ap_enable_reg_pp0_iter195           |   1|   0|    1|          0|
    |ap_enable_reg_pp0_iter196           |   1|   0|    1|          0|
    |ap_enable_reg_pp0_iter197           |   1|   0|    1|          0|
    |ap_enable_reg_pp0_iter198           |   1|   0|    1|          0|
    |ap_enable_reg_pp0_iter199           |   1|   0|    1|          0|
    |ap_enable_reg_pp0_iter2             |   1|   0|    1|          0|
    |ap_enable_reg_pp0_iter20            |   1|   0|    1|          0|
    |ap_enable_reg_pp0_iter200           |   1|   0|    1|          0|
    |ap_enable_reg_pp0_iter201           |   1|   0|    1|          0|
    |ap_enable_reg_pp0_iter202           |   1|   0|    1|          0|
    |ap_enable_reg_pp0_iter203           |   1|   0|    1|          0|
    |ap_enable_reg_pp0_iter204           |   1|   0|    1|          0|
    |ap_enable_reg_pp0_iter205           |   1|   0|    1|          0|
    |ap_enable_reg_pp0_iter206           |   1|   0|    1|          0|
    |ap_enable_reg_pp0_iter207           |   1|   0|    1|          0|
    |ap_enable_reg_pp0_iter208           |   1|   0|    1|          0|
    |ap_enable_reg_pp0_iter209           |   1|   0|    1|          0|
    |ap_enable_reg_pp0_iter21            |   1|   0|    1|          0|
    |ap_enable_reg_pp0_iter210           |   1|   0|    1|          0|
    |ap_enable_reg_pp0_iter211           |   1|   0|    1|          0|
    |ap_enable_reg_pp0_iter212           |   1|   0|    1|          0|
    |ap_enable_reg_pp0_iter213           |   1|   0|    1|          0|
    |ap_enable_reg_pp0_iter214           |   1|   0|    1|          0|
    |ap_enable_reg_pp0_iter215           |   1|   0|    1|          0|
    |ap_enable_reg_pp0_iter216           |   1|   0|    1|          0|
    |ap_enable_reg_pp0_iter217           |   1|   0|    1|          0|
    |ap_enable_reg_pp0_iter218           |   1|   0|    1|          0|
    |ap_enable_reg_pp0_iter219           |   1|   0|    1|          0|
    |ap_enable_reg_pp0_iter22            |   1|   0|    1|          0|
    |ap_enable_reg_pp0_iter220           |   1|   0|    1|          0|
    |ap_enable_reg_pp0_iter221           |   1|   0|    1|          0|
    |ap_enable_reg_pp0_iter222           |   1|   0|    1|          0|
    |ap_enable_reg_pp0_iter223           |   1|   0|    1|          0|
    |ap_enable_reg_pp0_iter224           |   1|   0|    1|          0|
    |ap_enable_reg_pp0_iter225           |   1|   0|    1|          0|
    |ap_enable_reg_pp0_iter226           |   1|   0|    1|          0|
    |ap_enable_reg_pp0_iter227           |   1|   0|    1|          0|
    |ap_enable_reg_pp0_iter228           |   1|   0|    1|          0|
    |ap_enable_reg_pp0_iter229           |   1|   0|    1|          0|
    |ap_enable_reg_pp0_iter23            |   1|   0|    1|          0|
    |ap_enable_reg_pp0_iter230           |   1|   0|    1|          0|
    |ap_enable_reg_pp0_iter231           |   1|   0|    1|          0|
    |ap_enable_reg_pp0_iter232           |   1|   0|    1|          0|
    |ap_enable_reg_pp0_iter233           |   1|   0|    1|          0|
    |ap_enable_reg_pp0_iter234           |   1|   0|    1|          0|
    |ap_enable_reg_pp0_iter235           |   1|   0|    1|          0|
    |ap_enable_reg_pp0_iter236           |   1|   0|    1|          0|
    |ap_enable_reg_pp0_iter237           |   1|   0|    1|          0|
    |ap_enable_reg_pp0_iter238           |   1|   0|    1|          0|
    |ap_enable_reg_pp0_iter239           |   1|   0|    1|          0|
    |ap_enable_reg_pp0_iter24            |   1|   0|    1|          0|
    |ap_enable_reg_pp0_iter240           |   1|   0|    1|          0|
    |ap_enable_reg_pp0_iter241           |   1|   0|    1|          0|
    |ap_enable_reg_pp0_iter242           |   1|   0|    1|          0|
    |ap_enable_reg_pp0_iter243           |   1|   0|    1|          0|
    |ap_enable_reg_pp0_iter244           |   1|   0|    1|          0|
    |ap_enable_reg_pp0_iter245           |   1|   0|    1|          0|
    |ap_enable_reg_pp0_iter246           |   1|   0|    1|          0|
    |ap_enable_reg_pp0_iter247           |   1|   0|    1|          0|
    |ap_enable_reg_pp0_iter248           |   1|   0|    1|          0|
    |ap_enable_reg_pp0_iter249           |   1|   0|    1|          0|
    |ap_enable_reg_pp0_iter25            |   1|   0|    1|          0|
    |ap_enable_reg_pp0_iter250           |   1|   0|    1|          0|
    |ap_enable_reg_pp0_iter251           |   1|   0|    1|          0|
    |ap_enable_reg_pp0_iter252           |   1|   0|    1|          0|
    |ap_enable_reg_pp0_iter253           |   1|   0|    1|          0|
    |ap_enable_reg_pp0_iter254           |   1|   0|    1|          0|
    |ap_enable_reg_pp0_iter255           |   1|   0|    1|          0|
    |ap_enable_reg_pp0_iter256           |   1|   0|    1|          0|
    |ap_enable_reg_pp0_iter257           |   1|   0|    1|          0|
    |ap_enable_reg_pp0_iter258           |   1|   0|    1|          0|
    |ap_enable_reg_pp0_iter259           |   1|   0|    1|          0|
    |ap_enable_reg_pp0_iter26            |   1|   0|    1|          0|
    |ap_enable_reg_pp0_iter260           |   1|   0|    1|          0|
    |ap_enable_reg_pp0_iter261           |   1|   0|    1|          0|
    |ap_enable_reg_pp0_iter262           |   1|   0|    1|          0|
    |ap_enable_reg_pp0_iter263           |   1|   0|    1|          0|
    |ap_enable_reg_pp0_iter264           |   1|   0|    1|          0|
    |ap_enable_reg_pp0_iter265           |   1|   0|    1|          0|
    |ap_enable_reg_pp0_iter266           |   1|   0|    1|          0|
    |ap_enable_reg_pp0_iter267           |   1|   0|    1|          0|
    |ap_enable_reg_pp0_iter268           |   1|   0|    1|          0|
    |ap_enable_reg_pp0_iter269           |   1|   0|    1|          0|
    |ap_enable_reg_pp0_iter27            |   1|   0|    1|          0|
    |ap_enable_reg_pp0_iter270           |   1|   0|    1|          0|
    |ap_enable_reg_pp0_iter271           |   1|   0|    1|          0|
    |ap_enable_reg_pp0_iter272           |   1|   0|    1|          0|
    |ap_enable_reg_pp0_iter273           |   1|   0|    1|          0|
    |ap_enable_reg_pp0_iter274           |   1|   0|    1|          0|
    |ap_enable_reg_pp0_iter275           |   1|   0|    1|          0|
    |ap_enable_reg_pp0_iter276           |   1|   0|    1|          0|
    |ap_enable_reg_pp0_iter277           |   1|   0|    1|          0|
    |ap_enable_reg_pp0_iter278           |   1|   0|    1|          0|
    |ap_enable_reg_pp0_iter279           |   1|   0|    1|          0|
    |ap_enable_reg_pp0_iter28            |   1|   0|    1|          0|
    |ap_enable_reg_pp0_iter280           |   1|   0|    1|          0|
    |ap_enable_reg_pp0_iter281           |   1|   0|    1|          0|
    |ap_enable_reg_pp0_iter282           |   1|   0|    1|          0|
    |ap_enable_reg_pp0_iter283           |   1|   0|    1|          0|
    |ap_enable_reg_pp0_iter284           |   1|   0|    1|          0|
    |ap_enable_reg_pp0_iter285           |   1|   0|    1|          0|
    |ap_enable_reg_pp0_iter286           |   1|   0|    1|          0|
    |ap_enable_reg_pp0_iter287           |   1|   0|    1|          0|
    |ap_enable_reg_pp0_iter288           |   1|   0|    1|          0|
    |ap_enable_reg_pp0_iter289           |   1|   0|    1|          0|
    |ap_enable_reg_pp0_iter29            |   1|   0|    1|          0|
    |ap_enable_reg_pp0_iter290           |   1|   0|    1|          0|
    |ap_enable_reg_pp0_iter291           |   1|   0|    1|          0|
    |ap_enable_reg_pp0_iter292           |   1|   0|    1|          0|
    |ap_enable_reg_pp0_iter293           |   1|   0|    1|          0|
    |ap_enable_reg_pp0_iter294           |   1|   0|    1|          0|
    |ap_enable_reg_pp0_iter295           |   1|   0|    1|          0|
    |ap_enable_reg_pp0_iter296           |   1|   0|    1|          0|
    |ap_enable_reg_pp0_iter297           |   1|   0|    1|          0|
    |ap_enable_reg_pp0_iter298           |   1|   0|    1|          0|
    |ap_enable_reg_pp0_iter299           |   1|   0|    1|          0|
    |ap_enable_reg_pp0_iter3             |   1|   0|    1|          0|
    |ap_enable_reg_pp0_iter30            |   1|   0|    1|          0|
    |ap_enable_reg_pp0_iter300           |   1|   0|    1|          0|
    |ap_enable_reg_pp0_iter301           |   1|   0|    1|          0|
    |ap_enable_reg_pp0_iter302           |   1|   0|    1|          0|
    |ap_enable_reg_pp0_iter303           |   1|   0|    1|          0|
    |ap_enable_reg_pp0_iter304           |   1|   0|    1|          0|
    |ap_enable_reg_pp0_iter305           |   1|   0|    1|          0|
    |ap_enable_reg_pp0_iter306           |   1|   0|    1|          0|
    |ap_enable_reg_pp0_iter307           |   1|   0|    1|          0|
    |ap_enable_reg_pp0_iter308           |   1|   0|    1|          0|
    |ap_enable_reg_pp0_iter309           |   1|   0|    1|          0|
    |ap_enable_reg_pp0_iter31            |   1|   0|    1|          0|
    |ap_enable_reg_pp0_iter310           |   1|   0|    1|          0|
    |ap_enable_reg_pp0_iter311           |   1|   0|    1|          0|
    |ap_enable_reg_pp0_iter312           |   1|   0|    1|          0|
    |ap_enable_reg_pp0_iter313           |   1|   0|    1|          0|
    |ap_enable_reg_pp0_iter314           |   1|   0|    1|          0|
    |ap_enable_reg_pp0_iter315           |   1|   0|    1|          0|
    |ap_enable_reg_pp0_iter316           |   1|   0|    1|          0|
    |ap_enable_reg_pp0_iter317           |   1|   0|    1|          0|
    |ap_enable_reg_pp0_iter318           |   1|   0|    1|          0|
    |ap_enable_reg_pp0_iter319           |   1|   0|    1|          0|
    |ap_enable_reg_pp0_iter32            |   1|   0|    1|          0|
    |ap_enable_reg_pp0_iter320           |   1|   0|    1|          0|
    |ap_enable_reg_pp0_iter321           |   1|   0|    1|          0|
    |ap_enable_reg_pp0_iter322           |   1|   0|    1|          0|
    |ap_enable_reg_pp0_iter323           |   1|   0|    1|          0|
    |ap_enable_reg_pp0_iter324           |   1|   0|    1|          0|
    |ap_enable_reg_pp0_iter325           |   1|   0|    1|          0|
    |ap_enable_reg_pp0_iter33            |   1|   0|    1|          0|
    |ap_enable_reg_pp0_iter34            |   1|   0|    1|          0|
    |ap_enable_reg_pp0_iter35            |   1|   0|    1|          0|
    |ap_enable_reg_pp0_iter36            |   1|   0|    1|          0|
    |ap_enable_reg_pp0_iter37            |   1|   0|    1|          0|
    |ap_enable_reg_pp0_iter38            |   1|   0|    1|          0|
    |ap_enable_reg_pp0_iter39            |   1|   0|    1|          0|
    |ap_enable_reg_pp0_iter4             |   1|   0|    1|          0|
    |ap_enable_reg_pp0_iter40            |   1|   0|    1|          0|
    |ap_enable_reg_pp0_iter41            |   1|   0|    1|          0|
    |ap_enable_reg_pp0_iter42            |   1|   0|    1|          0|
    |ap_enable_reg_pp0_iter43            |   1|   0|    1|          0|
    |ap_enable_reg_pp0_iter44            |   1|   0|    1|          0|
    |ap_enable_reg_pp0_iter45            |   1|   0|    1|          0|
    |ap_enable_reg_pp0_iter46            |   1|   0|    1|          0|
    |ap_enable_reg_pp0_iter47            |   1|   0|    1|          0|
    |ap_enable_reg_pp0_iter48            |   1|   0|    1|          0|
    |ap_enable_reg_pp0_iter49            |   1|   0|    1|          0|
    |ap_enable_reg_pp0_iter5             |   1|   0|    1|          0|
    |ap_enable_reg_pp0_iter50            |   1|   0|    1|          0|
    |ap_enable_reg_pp0_iter51            |   1|   0|    1|          0|
    |ap_enable_reg_pp0_iter52            |   1|   0|    1|          0|
    |ap_enable_reg_pp0_iter53            |   1|   0|    1|          0|
    |ap_enable_reg_pp0_iter54            |   1|   0|    1|          0|
    |ap_enable_reg_pp0_iter55            |   1|   0|    1|          0|
    |ap_enable_reg_pp0_iter56            |   1|   0|    1|          0|
    |ap_enable_reg_pp0_iter57            |   1|   0|    1|          0|
    |ap_enable_reg_pp0_iter58            |   1|   0|    1|          0|
    |ap_enable_reg_pp0_iter59            |   1|   0|    1|          0|
    |ap_enable_reg_pp0_iter6             |   1|   0|    1|          0|
    |ap_enable_reg_pp0_iter60            |   1|   0|    1|          0|
    |ap_enable_reg_pp0_iter61            |   1|   0|    1|          0|
    |ap_enable_reg_pp0_iter62            |   1|   0|    1|          0|
    |ap_enable_reg_pp0_iter63            |   1|   0|    1|          0|
    |ap_enable_reg_pp0_iter64            |   1|   0|    1|          0|
    |ap_enable_reg_pp0_iter65            |   1|   0|    1|          0|
    |ap_enable_reg_pp0_iter66            |   1|   0|    1|          0|
    |ap_enable_reg_pp0_iter67            |   1|   0|    1|          0|
    |ap_enable_reg_pp0_iter68            |   1|   0|    1|          0|
    |ap_enable_reg_pp0_iter69            |   1|   0|    1|          0|
    |ap_enable_reg_pp0_iter7             |   1|   0|    1|          0|
    |ap_enable_reg_pp0_iter70            |   1|   0|    1|          0|
    |ap_enable_reg_pp0_iter71            |   1|   0|    1|          0|
    |ap_enable_reg_pp0_iter72            |   1|   0|    1|          0|
    |ap_enable_reg_pp0_iter73            |   1|   0|    1|          0|
    |ap_enable_reg_pp0_iter74            |   1|   0|    1|          0|
    |ap_enable_reg_pp0_iter75            |   1|   0|    1|          0|
    |ap_enable_reg_pp0_iter76            |   1|   0|    1|          0|
    |ap_enable_reg_pp0_iter77            |   1|   0|    1|          0|
    |ap_enable_reg_pp0_iter78            |   1|   0|    1|          0|
    |ap_enable_reg_pp0_iter79            |   1|   0|    1|          0|
    |ap_enable_reg_pp0_iter8             |   1|   0|    1|          0|
    |ap_enable_reg_pp0_iter80            |   1|   0|    1|          0|
    |ap_enable_reg_pp0_iter81            |   1|   0|    1|          0|
    |ap_enable_reg_pp0_iter82            |   1|   0|    1|          0|
    |ap_enable_reg_pp0_iter83            |   1|   0|    1|          0|
    |ap_enable_reg_pp0_iter84            |   1|   0|    1|          0|
    |ap_enable_reg_pp0_iter85            |   1|   0|    1|          0|
    |ap_enable_reg_pp0_iter86            |   1|   0|    1|          0|
    |ap_enable_reg_pp0_iter87            |   1|   0|    1|          0|
    |ap_enable_reg_pp0_iter88            |   1|   0|    1|          0|
    |ap_enable_reg_pp0_iter89            |   1|   0|    1|          0|
    |ap_enable_reg_pp0_iter9             |   1|   0|    1|          0|
    |ap_enable_reg_pp0_iter90            |   1|   0|    1|          0|
    |ap_enable_reg_pp0_iter91            |   1|   0|    1|          0|
    |ap_enable_reg_pp0_iter92            |   1|   0|    1|          0|
    |ap_enable_reg_pp0_iter93            |   1|   0|    1|          0|
    |ap_enable_reg_pp0_iter94            |   1|   0|    1|          0|
    |ap_enable_reg_pp0_iter95            |   1|   0|    1|          0|
    |ap_enable_reg_pp0_iter96            |   1|   0|    1|          0|
    |ap_enable_reg_pp0_iter97            |   1|   0|    1|          0|
    |ap_enable_reg_pp0_iter98            |   1|   0|    1|          0|
    |ap_enable_reg_pp0_iter99            |   1|   0|    1|          0|
    |ap_loop_exit_ready_pp0_iter100_reg  |   1|   0|    1|          0|
    |ap_loop_exit_ready_pp0_iter101_reg  |   1|   0|    1|          0|
    |ap_loop_exit_ready_pp0_iter102_reg  |   1|   0|    1|          0|
    |ap_loop_exit_ready_pp0_iter103_reg  |   1|   0|    1|          0|
    |ap_loop_exit_ready_pp0_iter104_reg  |   1|   0|    1|          0|
    |ap_loop_exit_ready_pp0_iter105_reg  |   1|   0|    1|          0|
    |ap_loop_exit_ready_pp0_iter106_reg  |   1|   0|    1|          0|
    |ap_loop_exit_ready_pp0_iter107_reg  |   1|   0|    1|          0|
    |ap_loop_exit_ready_pp0_iter108_reg  |   1|   0|    1|          0|
    |ap_loop_exit_ready_pp0_iter109_reg  |   1|   0|    1|          0|
    |ap_loop_exit_ready_pp0_iter10_reg   |   1|   0|    1|          0|
    |ap_loop_exit_ready_pp0_iter110_reg  |   1|   0|    1|          0|
    |ap_loop_exit_ready_pp0_iter111_reg  |   1|   0|    1|          0|
    |ap_loop_exit_ready_pp0_iter112_reg  |   1|   0|    1|          0|
    |ap_loop_exit_ready_pp0_iter113_reg  |   1|   0|    1|          0|
    |ap_loop_exit_ready_pp0_iter114_reg  |   1|   0|    1|          0|
    |ap_loop_exit_ready_pp0_iter115_reg  |   1|   0|    1|          0|
    |ap_loop_exit_ready_pp0_iter116_reg  |   1|   0|    1|          0|
    |ap_loop_exit_ready_pp0_iter117_reg  |   1|   0|    1|          0|
    |ap_loop_exit_ready_pp0_iter118_reg  |   1|   0|    1|          0|
    |ap_loop_exit_ready_pp0_iter119_reg  |   1|   0|    1|          0|
    |ap_loop_exit_ready_pp0_iter11_reg   |   1|   0|    1|          0|
    |ap_loop_exit_ready_pp0_iter120_reg  |   1|   0|    1|          0|
    |ap_loop_exit_ready_pp0_iter121_reg  |   1|   0|    1|          0|
    |ap_loop_exit_ready_pp0_iter122_reg  |   1|   0|    1|          0|
    |ap_loop_exit_ready_pp0_iter123_reg  |   1|   0|    1|          0|
    |ap_loop_exit_ready_pp0_iter124_reg  |   1|   0|    1|          0|
    |ap_loop_exit_ready_pp0_iter125_reg  |   1|   0|    1|          0|
    |ap_loop_exit_ready_pp0_iter126_reg  |   1|   0|    1|          0|
    |ap_loop_exit_ready_pp0_iter127_reg  |   1|   0|    1|          0|
    |ap_loop_exit_ready_pp0_iter128_reg  |   1|   0|    1|          0|
    |ap_loop_exit_ready_pp0_iter129_reg  |   1|   0|    1|          0|
    |ap_loop_exit_ready_pp0_iter12_reg   |   1|   0|    1|          0|
    |ap_loop_exit_ready_pp0_iter130_reg  |   1|   0|    1|          0|
    |ap_loop_exit_ready_pp0_iter131_reg  |   1|   0|    1|          0|
    |ap_loop_exit_ready_pp0_iter132_reg  |   1|   0|    1|          0|
    |ap_loop_exit_ready_pp0_iter133_reg  |   1|   0|    1|          0|
    |ap_loop_exit_ready_pp0_iter134_reg  |   1|   0|    1|          0|
    |ap_loop_exit_ready_pp0_iter135_reg  |   1|   0|    1|          0|
    |ap_loop_exit_ready_pp0_iter136_reg  |   1|   0|    1|          0|
    |ap_loop_exit_ready_pp0_iter137_reg  |   1|   0|    1|          0|
    |ap_loop_exit_ready_pp0_iter138_reg  |   1|   0|    1|          0|
    |ap_loop_exit_ready_pp0_iter139_reg  |   1|   0|    1|          0|
    |ap_loop_exit_ready_pp0_iter13_reg   |   1|   0|    1|          0|
    |ap_loop_exit_ready_pp0_iter140_reg  |   1|   0|    1|          0|
    |ap_loop_exit_ready_pp0_iter141_reg  |   1|   0|    1|          0|
    |ap_loop_exit_ready_pp0_iter142_reg  |   1|   0|    1|          0|
    |ap_loop_exit_ready_pp0_iter143_reg  |   1|   0|    1|          0|
    |ap_loop_exit_ready_pp0_iter144_reg  |   1|   0|    1|          0|
    |ap_loop_exit_ready_pp0_iter145_reg  |   1|   0|    1|          0|
    |ap_loop_exit_ready_pp0_iter146_reg  |   1|   0|    1|          0|
    |ap_loop_exit_ready_pp0_iter147_reg  |   1|   0|    1|          0|
    |ap_loop_exit_ready_pp0_iter148_reg  |   1|   0|    1|          0|
    |ap_loop_exit_ready_pp0_iter149_reg  |   1|   0|    1|          0|
    |ap_loop_exit_ready_pp0_iter14_reg   |   1|   0|    1|          0|
    |ap_loop_exit_ready_pp0_iter150_reg  |   1|   0|    1|          0|
    |ap_loop_exit_ready_pp0_iter151_reg  |   1|   0|    1|          0|
    |ap_loop_exit_ready_pp0_iter152_reg  |   1|   0|    1|          0|
    |ap_loop_exit_ready_pp0_iter153_reg  |   1|   0|    1|          0|
    |ap_loop_exit_ready_pp0_iter154_reg  |   1|   0|    1|          0|
    |ap_loop_exit_ready_pp0_iter155_reg  |   1|   0|    1|          0|
    |ap_loop_exit_ready_pp0_iter156_reg  |   1|   0|    1|          0|
    |ap_loop_exit_ready_pp0_iter157_reg  |   1|   0|    1|          0|
    |ap_loop_exit_ready_pp0_iter158_reg  |   1|   0|    1|          0|
    |ap_loop_exit_ready_pp0_iter159_reg  |   1|   0|    1|          0|
    |ap_loop_exit_ready_pp0_iter15_reg   |   1|   0|    1|          0|
    |ap_loop_exit_ready_pp0_iter160_reg  |   1|   0|    1|          0|
    |ap_loop_exit_ready_pp0_iter161_reg  |   1|   0|    1|          0|
    |ap_loop_exit_ready_pp0_iter162_reg  |   1|   0|    1|          0|
    |ap_loop_exit_ready_pp0_iter163_reg  |   1|   0|    1|          0|
    |ap_loop_exit_ready_pp0_iter164_reg  |   1|   0|    1|          0|
    |ap_loop_exit_ready_pp0_iter165_reg  |   1|   0|    1|          0|
    |ap_loop_exit_ready_pp0_iter166_reg  |   1|   0|    1|          0|
    |ap_loop_exit_ready_pp0_iter167_reg  |   1|   0|    1|          0|
    |ap_loop_exit_ready_pp0_iter168_reg  |   1|   0|    1|          0|
    |ap_loop_exit_ready_pp0_iter169_reg  |   1|   0|    1|          0|
    |ap_loop_exit_ready_pp0_iter16_reg   |   1|   0|    1|          0|
    |ap_loop_exit_ready_pp0_iter170_reg  |   1|   0|    1|          0|
    |ap_loop_exit_ready_pp0_iter171_reg  |   1|   0|    1|          0|
    |ap_loop_exit_ready_pp0_iter172_reg  |   1|   0|    1|          0|
    |ap_loop_exit_ready_pp0_iter173_reg  |   1|   0|    1|          0|
    |ap_loop_exit_ready_pp0_iter174_reg  |   1|   0|    1|          0|
    |ap_loop_exit_ready_pp0_iter175_reg  |   1|   0|    1|          0|
    |ap_loop_exit_ready_pp0_iter176_reg  |   1|   0|    1|          0|
    |ap_loop_exit_ready_pp0_iter177_reg  |   1|   0|    1|          0|
    |ap_loop_exit_ready_pp0_iter178_reg  |   1|   0|    1|          0|
    |ap_loop_exit_ready_pp0_iter179_reg  |   1|   0|    1|          0|
    |ap_loop_exit_ready_pp0_iter17_reg   |   1|   0|    1|          0|
    |ap_loop_exit_ready_pp0_iter180_reg  |   1|   0|    1|          0|
    |ap_loop_exit_ready_pp0_iter181_reg  |   1|   0|    1|          0|
    |ap_loop_exit_ready_pp0_iter182_reg  |   1|   0|    1|          0|
    |ap_loop_exit_ready_pp0_iter183_reg  |   1|   0|    1|          0|
    |ap_loop_exit_ready_pp0_iter184_reg  |   1|   0|    1|          0|
    |ap_loop_exit_ready_pp0_iter185_reg  |   1|   0|    1|          0|
    |ap_loop_exit_ready_pp0_iter186_reg  |   1|   0|    1|          0|
    |ap_loop_exit_ready_pp0_iter187_reg  |   1|   0|    1|          0|
    |ap_loop_exit_ready_pp0_iter188_reg  |   1|   0|    1|          0|
    |ap_loop_exit_ready_pp0_iter189_reg  |   1|   0|    1|          0|
    |ap_loop_exit_ready_pp0_iter18_reg   |   1|   0|    1|          0|
    |ap_loop_exit_ready_pp0_iter190_reg  |   1|   0|    1|          0|
    |ap_loop_exit_ready_pp0_iter191_reg  |   1|   0|    1|          0|
    |ap_loop_exit_ready_pp0_iter192_reg  |   1|   0|    1|          0|
    |ap_loop_exit_ready_pp0_iter193_reg  |   1|   0|    1|          0|
    |ap_loop_exit_ready_pp0_iter194_reg  |   1|   0|    1|          0|
    |ap_loop_exit_ready_pp0_iter195_reg  |   1|   0|    1|          0|
    |ap_loop_exit_ready_pp0_iter196_reg  |   1|   0|    1|          0|
    |ap_loop_exit_ready_pp0_iter197_reg  |   1|   0|    1|          0|
    |ap_loop_exit_ready_pp0_iter198_reg  |   1|   0|    1|          0|
    |ap_loop_exit_ready_pp0_iter199_reg  |   1|   0|    1|          0|
    |ap_loop_exit_ready_pp0_iter19_reg   |   1|   0|    1|          0|
    |ap_loop_exit_ready_pp0_iter1_reg    |   1|   0|    1|          0|
    |ap_loop_exit_ready_pp0_iter200_reg  |   1|   0|    1|          0|
    |ap_loop_exit_ready_pp0_iter201_reg  |   1|   0|    1|          0|
    |ap_loop_exit_ready_pp0_iter202_reg  |   1|   0|    1|          0|
    |ap_loop_exit_ready_pp0_iter203_reg  |   1|   0|    1|          0|
    |ap_loop_exit_ready_pp0_iter204_reg  |   1|   0|    1|          0|
    |ap_loop_exit_ready_pp0_iter205_reg  |   1|   0|    1|          0|
    |ap_loop_exit_ready_pp0_iter206_reg  |   1|   0|    1|          0|
    |ap_loop_exit_ready_pp0_iter207_reg  |   1|   0|    1|          0|
    |ap_loop_exit_ready_pp0_iter208_reg  |   1|   0|    1|          0|
    |ap_loop_exit_ready_pp0_iter209_reg  |   1|   0|    1|          0|
    |ap_loop_exit_ready_pp0_iter20_reg   |   1|   0|    1|          0|
    |ap_loop_exit_ready_pp0_iter210_reg  |   1|   0|    1|          0|
    |ap_loop_exit_ready_pp0_iter211_reg  |   1|   0|    1|          0|
    |ap_loop_exit_ready_pp0_iter212_reg  |   1|   0|    1|          0|
    |ap_loop_exit_ready_pp0_iter213_reg  |   1|   0|    1|          0|
    |ap_loop_exit_ready_pp0_iter214_reg  |   1|   0|    1|          0|
    |ap_loop_exit_ready_pp0_iter215_reg  |   1|   0|    1|          0|
    |ap_loop_exit_ready_pp0_iter216_reg  |   1|   0|    1|          0|
    |ap_loop_exit_ready_pp0_iter217_reg  |   1|   0|    1|          0|
    |ap_loop_exit_ready_pp0_iter218_reg  |   1|   0|    1|          0|
    |ap_loop_exit_ready_pp0_iter219_reg  |   1|   0|    1|          0|
    |ap_loop_exit_ready_pp0_iter21_reg   |   1|   0|    1|          0|
    |ap_loop_exit_ready_pp0_iter220_reg  |   1|   0|    1|          0|
    |ap_loop_exit_ready_pp0_iter221_reg  |   1|   0|    1|          0|
    |ap_loop_exit_ready_pp0_iter222_reg  |   1|   0|    1|          0|
    |ap_loop_exit_ready_pp0_iter223_reg  |   1|   0|    1|          0|
    |ap_loop_exit_ready_pp0_iter224_reg  |   1|   0|    1|          0|
    |ap_loop_exit_ready_pp0_iter225_reg  |   1|   0|    1|          0|
    |ap_loop_exit_ready_pp0_iter226_reg  |   1|   0|    1|          0|
    |ap_loop_exit_ready_pp0_iter227_reg  |   1|   0|    1|          0|
    |ap_loop_exit_ready_pp0_iter228_reg  |   1|   0|    1|          0|
    |ap_loop_exit_ready_pp0_iter229_reg  |   1|   0|    1|          0|
    |ap_loop_exit_ready_pp0_iter22_reg   |   1|   0|    1|          0|
    |ap_loop_exit_ready_pp0_iter230_reg  |   1|   0|    1|          0|
    |ap_loop_exit_ready_pp0_iter231_reg  |   1|   0|    1|          0|
    |ap_loop_exit_ready_pp0_iter232_reg  |   1|   0|    1|          0|
    |ap_loop_exit_ready_pp0_iter233_reg  |   1|   0|    1|          0|
    |ap_loop_exit_ready_pp0_iter234_reg  |   1|   0|    1|          0|
    |ap_loop_exit_ready_pp0_iter235_reg  |   1|   0|    1|          0|
    |ap_loop_exit_ready_pp0_iter236_reg  |   1|   0|    1|          0|
    |ap_loop_exit_ready_pp0_iter237_reg  |   1|   0|    1|          0|
    |ap_loop_exit_ready_pp0_iter238_reg  |   1|   0|    1|          0|
    |ap_loop_exit_ready_pp0_iter239_reg  |   1|   0|    1|          0|
    |ap_loop_exit_ready_pp0_iter23_reg   |   1|   0|    1|          0|
    |ap_loop_exit_ready_pp0_iter240_reg  |   1|   0|    1|          0|
    |ap_loop_exit_ready_pp0_iter241_reg  |   1|   0|    1|          0|
    |ap_loop_exit_ready_pp0_iter242_reg  |   1|   0|    1|          0|
    |ap_loop_exit_ready_pp0_iter243_reg  |   1|   0|    1|          0|
    |ap_loop_exit_ready_pp0_iter244_reg  |   1|   0|    1|          0|
    |ap_loop_exit_ready_pp0_iter245_reg  |   1|   0|    1|          0|
    |ap_loop_exit_ready_pp0_iter246_reg  |   1|   0|    1|          0|
    |ap_loop_exit_ready_pp0_iter247_reg  |   1|   0|    1|          0|
    |ap_loop_exit_ready_pp0_iter248_reg  |   1|   0|    1|          0|
    |ap_loop_exit_ready_pp0_iter249_reg  |   1|   0|    1|          0|
    |ap_loop_exit_ready_pp0_iter24_reg   |   1|   0|    1|          0|
    |ap_loop_exit_ready_pp0_iter250_reg  |   1|   0|    1|          0|
    |ap_loop_exit_ready_pp0_iter251_reg  |   1|   0|    1|          0|
    |ap_loop_exit_ready_pp0_iter252_reg  |   1|   0|    1|          0|
    |ap_loop_exit_ready_pp0_iter253_reg  |   1|   0|    1|          0|
    |ap_loop_exit_ready_pp0_iter254_reg  |   1|   0|    1|          0|
    |ap_loop_exit_ready_pp0_iter255_reg  |   1|   0|    1|          0|
    |ap_loop_exit_ready_pp0_iter256_reg  |   1|   0|    1|          0|
    |ap_loop_exit_ready_pp0_iter257_reg  |   1|   0|    1|          0|
    |ap_loop_exit_ready_pp0_iter258_reg  |   1|   0|    1|          0|
    |ap_loop_exit_ready_pp0_iter259_reg  |   1|   0|    1|          0|
    |ap_loop_exit_ready_pp0_iter25_reg   |   1|   0|    1|          0|
    |ap_loop_exit_ready_pp0_iter260_reg  |   1|   0|    1|          0|
    |ap_loop_exit_ready_pp0_iter261_reg  |   1|   0|    1|          0|
    |ap_loop_exit_ready_pp0_iter262_reg  |   1|   0|    1|          0|
    |ap_loop_exit_ready_pp0_iter263_reg  |   1|   0|    1|          0|
    |ap_loop_exit_ready_pp0_iter264_reg  |   1|   0|    1|          0|
    |ap_loop_exit_ready_pp0_iter265_reg  |   1|   0|    1|          0|
    |ap_loop_exit_ready_pp0_iter266_reg  |   1|   0|    1|          0|
    |ap_loop_exit_ready_pp0_iter267_reg  |   1|   0|    1|          0|
    |ap_loop_exit_ready_pp0_iter268_reg  |   1|   0|    1|          0|
    |ap_loop_exit_ready_pp0_iter269_reg  |   1|   0|    1|          0|
    |ap_loop_exit_ready_pp0_iter26_reg   |   1|   0|    1|          0|
    |ap_loop_exit_ready_pp0_iter270_reg  |   1|   0|    1|          0|
    |ap_loop_exit_ready_pp0_iter271_reg  |   1|   0|    1|          0|
    |ap_loop_exit_ready_pp0_iter272_reg  |   1|   0|    1|          0|
    |ap_loop_exit_ready_pp0_iter273_reg  |   1|   0|    1|          0|
    |ap_loop_exit_ready_pp0_iter274_reg  |   1|   0|    1|          0|
    |ap_loop_exit_ready_pp0_iter275_reg  |   1|   0|    1|          0|
    |ap_loop_exit_ready_pp0_iter276_reg  |   1|   0|    1|          0|
    |ap_loop_exit_ready_pp0_iter277_reg  |   1|   0|    1|          0|
    |ap_loop_exit_ready_pp0_iter278_reg  |   1|   0|    1|          0|
    |ap_loop_exit_ready_pp0_iter279_reg  |   1|   0|    1|          0|
    |ap_loop_exit_ready_pp0_iter27_reg   |   1|   0|    1|          0|
    |ap_loop_exit_ready_pp0_iter280_reg  |   1|   0|    1|          0|
    |ap_loop_exit_ready_pp0_iter281_reg  |   1|   0|    1|          0|
    |ap_loop_exit_ready_pp0_iter282_reg  |   1|   0|    1|          0|
    |ap_loop_exit_ready_pp0_iter283_reg  |   1|   0|    1|          0|
    |ap_loop_exit_ready_pp0_iter284_reg  |   1|   0|    1|          0|
    |ap_loop_exit_ready_pp0_iter285_reg  |   1|   0|    1|          0|
    |ap_loop_exit_ready_pp0_iter286_reg  |   1|   0|    1|          0|
    |ap_loop_exit_ready_pp0_iter287_reg  |   1|   0|    1|          0|
    |ap_loop_exit_ready_pp0_iter288_reg  |   1|   0|    1|          0|
    |ap_loop_exit_ready_pp0_iter289_reg  |   1|   0|    1|          0|
    |ap_loop_exit_ready_pp0_iter28_reg   |   1|   0|    1|          0|
    |ap_loop_exit_ready_pp0_iter290_reg  |   1|   0|    1|          0|
    |ap_loop_exit_ready_pp0_iter291_reg  |   1|   0|    1|          0|
    |ap_loop_exit_ready_pp0_iter292_reg  |   1|   0|    1|          0|
    |ap_loop_exit_ready_pp0_iter293_reg  |   1|   0|    1|          0|
    |ap_loop_exit_ready_pp0_iter294_reg  |   1|   0|    1|          0|
    |ap_loop_exit_ready_pp0_iter295_reg  |   1|   0|    1|          0|
    |ap_loop_exit_ready_pp0_iter296_reg  |   1|   0|    1|          0|
    |ap_loop_exit_ready_pp0_iter297_reg  |   1|   0|    1|          0|
    |ap_loop_exit_ready_pp0_iter298_reg  |   1|   0|    1|          0|
    |ap_loop_exit_ready_pp0_iter299_reg  |   1|   0|    1|          0|
    |ap_loop_exit_ready_pp0_iter29_reg   |   1|   0|    1|          0|
    |ap_loop_exit_ready_pp0_iter2_reg    |   1|   0|    1|          0|
    |ap_loop_exit_ready_pp0_iter300_reg  |   1|   0|    1|          0|
    |ap_loop_exit_ready_pp0_iter301_reg  |   1|   0|    1|          0|
    |ap_loop_exit_ready_pp0_iter302_reg  |   1|   0|    1|          0|
    |ap_loop_exit_ready_pp0_iter303_reg  |   1|   0|    1|          0|
    |ap_loop_exit_ready_pp0_iter304_reg  |   1|   0|    1|          0|
    |ap_loop_exit_ready_pp0_iter305_reg  |   1|   0|    1|          0|
    |ap_loop_exit_ready_pp0_iter306_reg  |   1|   0|    1|          0|
    |ap_loop_exit_ready_pp0_iter307_reg  |   1|   0|    1|          0|
    |ap_loop_exit_ready_pp0_iter308_reg  |   1|   0|    1|          0|
    |ap_loop_exit_ready_pp0_iter309_reg  |   1|   0|    1|          0|
    |ap_loop_exit_ready_pp0_iter30_reg   |   1|   0|    1|          0|
    |ap_loop_exit_ready_pp0_iter310_reg  |   1|   0|    1|          0|
    |ap_loop_exit_ready_pp0_iter311_reg  |   1|   0|    1|          0|
    |ap_loop_exit_ready_pp0_iter312_reg  |   1|   0|    1|          0|
    |ap_loop_exit_ready_pp0_iter313_reg  |   1|   0|    1|          0|
    |ap_loop_exit_ready_pp0_iter314_reg  |   1|   0|    1|          0|
    |ap_loop_exit_ready_pp0_iter315_reg  |   1|   0|    1|          0|
    |ap_loop_exit_ready_pp0_iter316_reg  |   1|   0|    1|          0|
    |ap_loop_exit_ready_pp0_iter317_reg  |   1|   0|    1|          0|
    |ap_loop_exit_ready_pp0_iter318_reg  |   1|   0|    1|          0|
    |ap_loop_exit_ready_pp0_iter319_reg  |   1|   0|    1|          0|
    |ap_loop_exit_ready_pp0_iter31_reg   |   1|   0|    1|          0|
    |ap_loop_exit_ready_pp0_iter320_reg  |   1|   0|    1|          0|
    |ap_loop_exit_ready_pp0_iter321_reg  |   1|   0|    1|          0|
    |ap_loop_exit_ready_pp0_iter322_reg  |   1|   0|    1|          0|
    |ap_loop_exit_ready_pp0_iter323_reg  |   1|   0|    1|          0|
    |ap_loop_exit_ready_pp0_iter324_reg  |   1|   0|    1|          0|
    |ap_loop_exit_ready_pp0_iter32_reg   |   1|   0|    1|          0|
    |ap_loop_exit_ready_pp0_iter33_reg   |   1|   0|    1|          0|
    |ap_loop_exit_ready_pp0_iter34_reg   |   1|   0|    1|          0|
    |ap_loop_exit_ready_pp0_iter35_reg   |   1|   0|    1|          0|
    |ap_loop_exit_ready_pp0_iter36_reg   |   1|   0|    1|          0|
    |ap_loop_exit_ready_pp0_iter37_reg   |   1|   0|    1|          0|
    |ap_loop_exit_ready_pp0_iter38_reg   |   1|   0|    1|          0|
    |ap_loop_exit_ready_pp0_iter39_reg   |   1|   0|    1|          0|
    |ap_loop_exit_ready_pp0_iter3_reg    |   1|   0|    1|          0|
    |ap_loop_exit_ready_pp0_iter40_reg   |   1|   0|    1|          0|
    |ap_loop_exit_ready_pp0_iter41_reg   |   1|   0|    1|          0|
    |ap_loop_exit_ready_pp0_iter42_reg   |   1|   0|    1|          0|
    |ap_loop_exit_ready_pp0_iter43_reg   |   1|   0|    1|          0|
    |ap_loop_exit_ready_pp0_iter44_reg   |   1|   0|    1|          0|
    |ap_loop_exit_ready_pp0_iter45_reg   |   1|   0|    1|          0|
    |ap_loop_exit_ready_pp0_iter46_reg   |   1|   0|    1|          0|
    |ap_loop_exit_ready_pp0_iter47_reg   |   1|   0|    1|          0|
    |ap_loop_exit_ready_pp0_iter48_reg   |   1|   0|    1|          0|
    |ap_loop_exit_ready_pp0_iter49_reg   |   1|   0|    1|          0|
    |ap_loop_exit_ready_pp0_iter4_reg    |   1|   0|    1|          0|
    |ap_loop_exit_ready_pp0_iter50_reg   |   1|   0|    1|          0|
    |ap_loop_exit_ready_pp0_iter51_reg   |   1|   0|    1|          0|
    |ap_loop_exit_ready_pp0_iter52_reg   |   1|   0|    1|          0|
    |ap_loop_exit_ready_pp0_iter53_reg   |   1|   0|    1|          0|
    |ap_loop_exit_ready_pp0_iter54_reg   |   1|   0|    1|          0|
    |ap_loop_exit_ready_pp0_iter55_reg   |   1|   0|    1|          0|
    |ap_loop_exit_ready_pp0_iter56_reg   |   1|   0|    1|          0|
    |ap_loop_exit_ready_pp0_iter57_reg   |   1|   0|    1|          0|
    |ap_loop_exit_ready_pp0_iter58_reg   |   1|   0|    1|          0|
    |ap_loop_exit_ready_pp0_iter59_reg   |   1|   0|    1|          0|
    |ap_loop_exit_ready_pp0_iter5_reg    |   1|   0|    1|          0|
    |ap_loop_exit_ready_pp0_iter60_reg   |   1|   0|    1|          0|
    |ap_loop_exit_ready_pp0_iter61_reg   |   1|   0|    1|          0|
    |ap_loop_exit_ready_pp0_iter62_reg   |   1|   0|    1|          0|
    |ap_loop_exit_ready_pp0_iter63_reg   |   1|   0|    1|          0|
    |ap_loop_exit_ready_pp0_iter64_reg   |   1|   0|    1|          0|
    |ap_loop_exit_ready_pp0_iter65_reg   |   1|   0|    1|          0|
    |ap_loop_exit_ready_pp0_iter66_reg   |   1|   0|    1|          0|
    |ap_loop_exit_ready_pp0_iter67_reg   |   1|   0|    1|          0|
    |ap_loop_exit_ready_pp0_iter68_reg   |   1|   0|    1|          0|
    |ap_loop_exit_ready_pp0_iter69_reg   |   1|   0|    1|          0|
    |ap_loop_exit_ready_pp0_iter6_reg    |   1|   0|    1|          0|
    |ap_loop_exit_ready_pp0_iter70_reg   |   1|   0|    1|          0|
    |ap_loop_exit_ready_pp0_iter71_reg   |   1|   0|    1|          0|
    |ap_loop_exit_ready_pp0_iter72_reg   |   1|   0|    1|          0|
    |ap_loop_exit_ready_pp0_iter73_reg   |   1|   0|    1|          0|
    |ap_loop_exit_ready_pp0_iter74_reg   |   1|   0|    1|          0|
    |ap_loop_exit_ready_pp0_iter75_reg   |   1|   0|    1|          0|
    |ap_loop_exit_ready_pp0_iter76_reg   |   1|   0|    1|          0|
    |ap_loop_exit_ready_pp0_iter77_reg   |   1|   0|    1|          0|
    |ap_loop_exit_ready_pp0_iter78_reg   |   1|   0|    1|          0|
    |ap_loop_exit_ready_pp0_iter79_reg   |   1|   0|    1|          0|
    |ap_loop_exit_ready_pp0_iter7_reg    |   1|   0|    1|          0|
    |ap_loop_exit_ready_pp0_iter80_reg   |   1|   0|    1|          0|
    |ap_loop_exit_ready_pp0_iter81_reg   |   1|   0|    1|          0|
    |ap_loop_exit_ready_pp0_iter82_reg   |   1|   0|    1|          0|
    |ap_loop_exit_ready_pp0_iter83_reg   |   1|   0|    1|          0|
    |ap_loop_exit_ready_pp0_iter84_reg   |   1|   0|    1|          0|
    |ap_loop_exit_ready_pp0_iter85_reg   |   1|   0|    1|          0|
    |ap_loop_exit_ready_pp0_iter86_reg   |   1|   0|    1|          0|
    |ap_loop_exit_ready_pp0_iter87_reg   |   1|   0|    1|          0|
    |ap_loop_exit_ready_pp0_iter88_reg   |   1|   0|    1|          0|
    |ap_loop_exit_ready_pp0_iter89_reg   |   1|   0|    1|          0|
    |ap_loop_exit_ready_pp0_iter8_reg    |   1|   0|    1|          0|
    |ap_loop_exit_ready_pp0_iter90_reg   |   1|   0|    1|          0|
    |ap_loop_exit_ready_pp0_iter91_reg   |   1|   0|    1|          0|
    |ap_loop_exit_ready_pp0_iter92_reg   |   1|   0|    1|          0|
    |ap_loop_exit_ready_pp0_iter93_reg   |   1|   0|    1|          0|
    |ap_loop_exit_ready_pp0_iter94_reg   |   1|   0|    1|          0|
    |ap_loop_exit_ready_pp0_iter95_reg   |   1|   0|    1|          0|
    |ap_loop_exit_ready_pp0_iter96_reg   |   1|   0|    1|          0|
    |ap_loop_exit_ready_pp0_iter97_reg   |   1|   0|    1|          0|
    |ap_loop_exit_ready_pp0_iter98_reg   |   1|   0|    1|          0|
    |ap_loop_exit_ready_pp0_iter99_reg   |   1|   0|    1|          0|
    |ap_loop_exit_ready_pp0_iter9_reg    |   1|   0|    1|          0|
    |bitcast_ln31_1_reg_2350             |  32|   0|   32|          0|
    |bitcast_ln31_reg_2344               |  32|   0|   32|          0|
    |bitcast_ln46_10_reg_2965            |  32|   0|   32|          0|
    |bitcast_ln46_11_reg_3032            |  32|   0|   32|          0|
    |bitcast_ln46_12_reg_3101            |  32|   0|   32|          0|
    |bitcast_ln46_1_reg_2462             |  32|   0|   32|          0|
    |bitcast_ln46_2_reg_2509             |  32|   0|   32|          0|
    |bitcast_ln46_3_reg_2556             |  32|   0|   32|          0|
    |bitcast_ln46_4_reg_2603             |  32|   0|   32|          0|
    |bitcast_ln46_5_reg_2650             |  32|   0|   32|          0|
    |bitcast_ln46_6_reg_2697             |  32|   0|   32|          0|
    |bitcast_ln46_7_reg_2764             |  32|   0|   32|          0|
    |bitcast_ln46_8_reg_2831             |  32|   0|   32|          0|
    |bitcast_ln46_9_reg_2898             |  32|   0|   32|          0|
    |cos_shift_10_reg_3069               |  32|   0|   32|          0|
    |cos_shift_1_reg_2489                |  32|   0|   32|          0|
    |cos_shift_2_reg_2536                |  32|   0|   32|          0|
    |cos_shift_3_reg_2583                |  32|   0|   32|          0|
    |cos_shift_4_reg_2630                |  32|   0|   32|          0|
    |cos_shift_5_reg_2677                |  32|   0|   32|          0|
    |cos_shift_6_reg_2724                |  32|   0|   32|          0|
    |cos_shift_7_reg_2791                |  32|   0|   32|          0|
    |cos_shift_8_reg_2868                |  32|   0|   32|          0|
    |cos_shift_9_reg_2935                |  32|   0|   32|          0|
    |cos_shift_s_reg_3002                |  32|   0|   32|          0|
    |current_cos_3_reg_2412              |  32|   0|   32|          0|
    |current_sin_3_reg_2419              |  32|   0|   32|          0|
    |current_theta_4_10_reg_3096         |  32|   0|   32|          0|
    |current_theta_4_1_reg_2796          |  32|   0|   32|          0|
    |current_theta_4_2_reg_2821          |  32|   0|   32|          0|
    |current_theta_4_3_reg_2853          |  32|   0|   32|          0|
    |current_theta_4_4_reg_2873          |  32|   0|   32|          0|
    |current_theta_4_5_reg_2920          |  32|   0|   32|          0|
    |current_theta_4_6_reg_2940          |  32|   0|   32|          0|
    |current_theta_4_7_reg_2987          |  32|   0|   32|          0|
    |current_theta_4_8_reg_3007          |  32|   0|   32|          0|
    |current_theta_4_9_reg_3044          |  32|   0|   32|          0|
    |current_theta_4_reg_2754            |  32|   0|   32|          0|
    |current_theta_4_s_reg_3074          |  32|   0|   32|          0|
    |grp_firI1_fu_432_ap_start_reg       |   1|   0|    1|          0|
    |grp_firI2_fu_499_ap_start_reg       |   1|   0|    1|          0|
    |grp_firQ1_fu_566_ap_start_reg       |   1|   0|    1|          0|
    |grp_firQ2_fu_633_ap_start_reg       |   1|   0|    1|          0|
    |i_fu_396                            |  31|   0|   31|          0|
    |new_cos_10_reg_3084                 |  32|   0|   32|          0|
    |new_cos_11_reg_3126                 |  32|   0|   32|          0|
    |new_cos_1_reg_2494                  |  32|   0|   32|          0|
    |new_cos_2_reg_2541                  |  32|   0|   32|          0|
    |new_cos_3_reg_2588                  |  32|   0|   32|          0|
    |new_cos_4_reg_2635                  |  32|   0|   32|          0|
    |new_cos_5_reg_2682                  |  32|   0|   32|          0|
    |new_cos_6_reg_2739                  |  32|   0|   32|          0|
    |new_cos_7_reg_2806                  |  32|   0|   32|          0|
    |new_cos_8_reg_2883                  |  32|   0|   32|          0|
    |new_cos_9_reg_2950                  |  32|   0|   32|          0|
    |new_cos_reg_2447                    |  32|   0|   32|          0|
    |new_cos_s_reg_3017                  |  32|   0|   32|          0|
    |new_sin_10_reg_3089                 |  32|   0|   32|          0|
    |new_sin_1_reg_2501                  |  32|   0|   32|          0|
    |new_sin_2_reg_2548                  |  32|   0|   32|          0|
    |new_sin_3_reg_2595                  |  32|   0|   32|          0|
    |new_sin_4_reg_2642                  |  32|   0|   32|          0|
    |new_sin_5_reg_2689                  |  32|   0|   32|          0|
    |new_sin_6_reg_2746                  |  32|   0|   32|          0|
    |new_sin_7_reg_2813                  |  32|   0|   32|          0|
    |new_sin_8_reg_2890                  |  32|   0|   32|          0|
    |new_sin_9_reg_2957                  |  32|   0|   32|          0|
    |new_sin_reg_2454                    |  32|   0|   32|          0|
    |new_sin_s_reg_3024                  |  32|   0|   32|          0|
    |select_ln20_1_reg_2729              |  21|   0|   32|         11|
    |select_ln46_12_reg_2858             |   1|   0|   32|         31|
    |select_ln46_15_reg_2878             |   1|   0|   32|         31|
    |select_ln46_18_reg_2925             |   1|   0|   32|         31|
    |select_ln46_1_reg_2437              |  32|   0|   32|          0|
    |select_ln46_21_reg_2945             |   1|   0|   32|         31|
    |select_ln46_24_reg_2992             |   1|   0|   32|         31|
    |select_ln46_27_reg_3012             |   1|   0|   32|         31|
    |select_ln46_2_reg_2442              |  32|   0|   32|          0|
    |select_ln46_30_reg_3049             |   1|   0|   32|         31|
    |select_ln46_33_reg_3079             |   1|   0|   32|         31|
    |select_ln46_36_reg_3111             |   1|   0|   32|         31|
    |select_ln46_3_reg_2759              |   1|   0|   32|         31|
    |select_ln46_6_reg_2801              |   1|   0|   32|         31|
    |select_ln46_9_reg_2826              |   1|   0|   32|         31|
    |select_ln46_reg_2734                |   1|   0|   32|         31|
    |sin_shift_10_reg_3064               |  32|   0|   32|          0|
    |sin_shift_11_reg_3121               |  32|   0|   32|          0|
    |sin_shift_1_reg_2484                |  32|   0|   32|          0|
    |sin_shift_2_reg_2531                |  32|   0|   32|          0|
    |sin_shift_3_reg_2578                |  32|   0|   32|          0|
    |sin_shift_4_reg_2625                |  32|   0|   32|          0|
    |sin_shift_5_reg_2672                |  32|   0|   32|          0|
    |sin_shift_6_reg_2719                |  32|   0|   32|          0|
    |sin_shift_7_reg_2786                |  32|   0|   32|          0|
    |sin_shift_8_reg_2863                |  32|   0|   32|          0|
    |sin_shift_9_reg_2930                |  32|   0|   32|          0|
    |sin_shift_s_reg_2997                |  32|   0|   32|          0|
    |tmp_1_reg_2392                      |   1|   0|    1|          0|
    |tmp_3_reg_2397                      |   1|   0|    1|          0|
    |tmp_5_reg_2427                      |   1|   0|    1|          0|
    |X_reg_2376                          |  64|  32|   32|          0|
    |Y_reg_2384                          |  64|  32|   32|          0|
    |and_ln20_1_reg_2402                 |  64|  32|    1|          0|
    |and_ln20_reg_2407                   |  64|  32|    1|          0|
    |and_ln46_10_reg_2970                |  64|  32|    1|          0|
    |and_ln46_11_reg_3037                |  64|  32|    1|          0|
    |and_ln46_1_reg_2467                 |  64|  32|    1|          0|
    |and_ln46_2_reg_2514                 |  64|  32|    1|          0|
    |and_ln46_3_reg_2561                 |  64|  32|    1|          0|
    |and_ln46_4_reg_2608                 |  64|  32|    1|          0|
    |and_ln46_5_reg_2655                 |  64|  32|    1|          0|
    |and_ln46_6_reg_2702                 |  64|  32|    1|          0|
    |and_ln46_7_reg_2769                 |  64|  32|    1|          0|
    |and_ln46_8_reg_2836                 |  64|  32|    1|          0|
    |and_ln46_9_reg_2903                 |  64|  32|    1|          0|
    |and_ln46_reg_2432                   |  64|  32|    1|          0|
    |current_cos_3_reg_2412              |  64|  32|   32|          0|
    |current_sin_3_reg_2419              |  64|  32|   32|          0|
    |new_cos_10_reg_3084                 |  64|  32|   32|          0|
    |new_cos_1_reg_2494                  |  64|  32|   32|          0|
    |new_cos_2_reg_2541                  |  64|  32|   32|          0|
    |new_cos_3_reg_2588                  |  64|  32|   32|          0|
    |new_cos_4_reg_2635                  |  64|  32|   32|          0|
    |new_cos_5_reg_2682                  |  64|  32|   32|          0|
    |new_cos_6_reg_2739                  |  64|  32|   32|          0|
    |new_cos_7_reg_2806                  |  64|  32|   32|          0|
    |new_cos_8_reg_2883                  |  64|  32|   32|          0|
    |new_cos_9_reg_2950                  |  64|  32|   32|          0|
    |new_cos_reg_2447                    |  64|  32|   32|          0|
    |new_cos_s_reg_3017                  |  64|  32|   32|          0|
    |new_sin_10_reg_3089                 |  64|  32|   32|          0|
    |new_sin_1_reg_2501                  |  64|  32|   32|          0|
    |new_sin_2_reg_2548                  |  64|  32|   32|          0|
    |new_sin_3_reg_2595                  |  64|  32|   32|          0|
    |new_sin_4_reg_2642                  |  64|  32|   32|          0|
    |new_sin_5_reg_2689                  |  64|  32|   32|          0|
    |new_sin_6_reg_2746                  |  64|  32|   32|          0|
    |new_sin_7_reg_2813                  |  64|  32|   32|          0|
    |new_sin_8_reg_2890                  |  64|  32|   32|          0|
    |new_sin_9_reg_2957                  |  64|  32|   32|          0|
    |new_sin_reg_2454                    |  64|  32|   32|          0|
    |new_sin_s_reg_3024                  |  64|  32|   32|          0|
    +------------------------------------+----+----+-----+-----------+
    |Total                               |6178|1344| 4814|        414|
    +------------------------------------+----+----+-----+-----------+



================================================================
== Interface
================================================================
* Summary: 
+--------------+-----+-----+------------+---------------+--------------+
|   RTL Ports  | Dir | Bits|  Protocol  | Source Object |    C Type    |
+--------------+-----+-----+------------+---------------+--------------+
|ap_clk        |   in|    1|  ap_ctrl_hs|  phasedetector|  return value|
|ap_rst        |   in|    1|  ap_ctrl_hs|  phasedetector|  return value|
|ap_start      |   in|    1|  ap_ctrl_hs|  phasedetector|  return value|
|ap_done       |  out|    1|  ap_ctrl_hs|  phasedetector|  return value|
|ap_idle       |  out|    1|  ap_ctrl_hs|  phasedetector|  return value|
|ap_ready      |  out|    1|  ap_ctrl_hs|  phasedetector|  return value|
|I             |   in|   32|     ap_none|              I|       pointer|
|Q             |   in|   32|     ap_none|              Q|       pointer|
|R             |  out|   32|      ap_vld|              R|       pointer|
|R_ap_vld      |  out|    1|      ap_vld|              R|       pointer|
|Theta         |  out|   32|      ap_vld|          Theta|       pointer|
|Theta_ap_vld  |  out|    1|      ap_vld|          Theta|       pointer|
|length_r      |   in|   32|     ap_none|       length_r|        scalar|
+--------------+-----+-----+------------+---------------+--------------+

