

================================================================
== Vitis HLS Report for 'cordiccart2pol'
================================================================
* Date:           Wed Nov  1 21:05:20 2023

* Version:        2022.2 (Build 3670227 on Oct 13 2022)
* Project:        cordiccart2pol
* Solution:       Optimized (Vivado IP Flow Target)
* Product family: zynq
* Target device:  xc7z020-clg400-1


================================================================
== Performance Estimates
================================================================
+ Timing: 
    * Summary: 
    +--------+----------+----------+------------+
    |  Clock |  Target  | Estimated| Uncertainty|
    +--------+----------+----------+------------+
    |ap_clk  |  10.00 ns|  7.222 ns|     2.70 ns|
    +--------+----------+----------+------------+

+ Latency: 
    * Summary: 
    +---------+---------+----------+----------+-----+-----+---------+
    |  Latency (cycles) |  Latency (absolute) |  Interval | Pipeline|
    |   min   |   max   |    min   |    max   | min | max |   Type  |
    +---------+---------+----------+----------+-----+-----+---------+
    |       32|       34|  0.320 us|  0.340 us|   33|   35|       no|
    +---------+---------+----------+----------+-----+-----+---------+

    + Detail: 
        * Instance: 
        +----------------------------------------------------+-----------------------------------------+---------+---------+----------+----------+-----+-----+---------+
        |                                                    |                                         |  Latency (cycles) |  Latency (absolute) |  Interval | Pipeline|
        |                      Instance                      |                  Module                 |   min   |   max   |    min   |    max   | min | max |   Type  |
        +----------------------------------------------------+-----------------------------------------+---------+---------+----------+----------+-----+-----+---------+
        |grp_cordiccart2pol_Pipeline_VITIS_LOOP_48_1_fu_395  |cordiccart2pol_Pipeline_VITIS_LOOP_48_1  |       15|       15|  0.150 us|  0.150 us|   15|   15|       no|
        +----------------------------------------------------+-----------------------------------------+---------+---------+----------+----------+-----+-----+---------+

        * Loop: 
        N/A



================================================================
== Utilization Estimates
================================================================
* Summary: 
+-----------------+---------+-----+--------+-------+-----+
|       Name      | BRAM_18K| DSP |   FF   |  LUT  | URAM|
+-----------------+---------+-----+--------+-------+-----+
|DSP              |        -|    -|       -|      -|    -|
|Expression       |        -|    -|       0|   4776|    -|
|FIFO             |        -|    -|       -|      -|    -|
|Instance         |        0|    3|     431|    708|    -|
|Memory           |        -|    -|       -|      -|    -|
|Multiplexer      |        -|    -|       -|    363|    -|
|Register         |        -|    -|    1580|      -|    -|
+-----------------+---------+-----+--------+-------+-----+
|Total            |        0|    3|    2011|   5847|    0|
+-----------------+---------+-----+--------+-------+-----+
|Available        |      280|  220|  106400|  53200|    0|
+-----------------+---------+-----+--------+-------+-----+
|Utilization (%)  |        0|    1|       1|     10|    0|
+-----------------+---------+-----+--------+-------+-----+

+ Detail: 
    * Instance: 
    +----------------------------------------------------+-----------------------------------------+---------+----+-----+-----+-----+
    |                      Instance                      |                  Module                 | BRAM_18K| DSP|  FF | LUT | URAM|
    +----------------------------------------------------+-----------------------------------------+---------+----+-----+-----+-----+
    |control_s_axi_U                                     |control_s_axi                            |        0|   0|  188|  296|    0|
    |grp_cordiccart2pol_Pipeline_VITIS_LOOP_48_1_fu_395  |cordiccart2pol_Pipeline_VITIS_LOOP_48_1  |        0|   0|  102|  364|    0|
    |fcmp_32ns_32ns_1_2_no_dsp_1_U8                      |fcmp_32ns_32ns_1_2_no_dsp_1              |        0|   0|    0|    0|    0|
    |fpext_32ns_64_2_no_dsp_1_U7                         |fpext_32ns_64_2_no_dsp_1                 |        0|   0|    0|    0|    0|
    |mul_29s_31ns_59_2_1_U9                              |mul_29s_31ns_59_2_1                      |        0|   3|  141|   48|    0|
    +----------------------------------------------------+-----------------------------------------+---------+----+-----+-----+-----+
    |Total                                               |                                         |        0|   3|  431|  708|    0|
    +----------------------------------------------------+-----------------------------------------+---------+----+-----+-----+-----+

    * DSP: 
    N/A

    * Memory: 
    N/A

    * FIFO: 
    N/A

    * Expression: 
    +----------------------------+----------+----+---+-----+------------+------------+
    |        Variable Name       | Operation| DSP| FF| LUT | Bitwidth P0| Bitwidth P1|
    +----------------------------+----------+----+---+-----+------------+------------+
    |add_ln1090_fu_1524_p2       |         +|   0|  0|   37|          30|          14|
    |add_ln1104_1_fu_1907_p2     |         +|   0|  0|   23|          16|           6|
    |add_ln1104_fu_1802_p2       |         +|   0|  0|   37|          30|           6|
    |add_ln1113_1_fu_2015_p2     |         +|   0|  0|   39|          32|           6|
    |add_ln1113_fu_1948_p2       |         +|   0|  0|   39|          32|           6|
    |add_ln1124_1_fu_2146_p2     |         +|   0|  0|    8|           8|           8|
    |add_ln1124_fu_2094_p2       |         +|   0|  0|    8|           8|           8|
    |add_ln570_2_fu_713_p2       |         +|   0|  0|   12|          12|           5|
    |add_ln570_3_fu_1392_p2      |         +|   0|  0|   12|          12|           5|
    |add_ln570_4_fu_1026_p2      |         +|   0|  0|   12|          12|           5|
    |add_ln570_fu_1209_p2        |         +|   0|  0|   12|          12|           5|
    |grp_fu_429_p2               |         +|   0|  0|   12|          12|           5|
    |lsb_index_1_fu_1840_p2      |         +|   0|  0|   39|          32|           6|
    |lsb_index_fu_1735_p2        |         +|   0|  0|   39|          32|           6|
    |m_3_fu_1988_p2              |         +|   0|  0|   71|          64|          64|
    |m_6_fu_2055_p2              |         +|   0|  0|   71|          64|          64|
    |F2_2_fu_701_p2              |         -|   0|  0|   12|          11|          12|
    |F2_3_fu_1380_p2             |         -|   0|  0|   12|          11|          12|
    |F2_4_fu_1014_p2             |         -|   0|  0|   12|          11|          12|
    |F2_fu_1197_p2               |         -|   0|  0|   12|          11|          12|
    |grp_fu_418_p2               |         -|   0|  0|   12|          11|          12|
    |grp_fu_435_p2               |         -|   0|  0|   12|           4|          12|
    |man_V_10_fu_1367_p2         |         -|   0|  0|   61|           1|          54|
    |man_V_13_fu_1001_p2         |         -|   0|  0|   61|           1|          54|
    |man_V_1_fu_1184_p2          |         -|   0|  0|   61|           1|          54|
    |man_V_4_fu_625_p2           |         -|   0|  0|   61|           1|          54|
    |man_V_7_fu_688_p2           |         -|   0|  0|   61|           1|          54|
    |sub_ln1099_1_fu_1717_p2     |         -|   0|  0|   39|           5|          32|
    |sub_ln1099_fu_1641_p2       |         -|   0|  0|   39|           5|          32|
    |sub_ln1102_1_fu_1861_p2     |         -|   0|  0|   13|           4|           4|
    |sub_ln1102_fu_1756_p2       |         -|   0|  0|   13|           5|           5|
    |sub_ln1114_1_fu_2030_p2     |         -|   0|  0|   39|           5|          32|
    |sub_ln1114_fu_1963_p2       |         -|   0|  0|   39|           5|          32|
    |sub_ln1119_1_fu_2141_p2     |         -|   0|  0|    8|           2|           8|
    |sub_ln1119_fu_2089_p2       |         -|   0|  0|    8|           5|           8|
    |sub_ln1303_1_fu_1581_p2     |         -|   0|  0|   23|           1|          16|
    |sub_ln1303_fu_1560_p2       |         -|   0|  0|   66|           1|          59|
    |sub_ln570_2_fu_719_p2       |         -|   0|  0|   12|           4|          12|
    |sub_ln570_3_fu_1398_p2      |         -|   0|  0|   12|           4|          12|
    |sub_ln570_4_fu_1032_p2      |         -|   0|  0|   12|           4|          12|
    |sub_ln570_fu_1215_p2        |         -|   0|  0|   12|           4|          12|
    |tmp_V_2_fu_1673_p2          |         -|   0|  0|   23|           1|          16|
    |tmp_V_fu_1596_p2            |         -|   0|  0|   23|           1|          16|
    |a_1_fu_1887_p2              |       and|   0|  0|    2|           1|           1|
    |a_fu_1782_p2                |       and|   0|  0|    2|           1|           1|
    |and_ln1104_1_fu_1919_p2     |       and|   0|  0|    2|           1|           1|
    |and_ln1104_fu_1814_p2       |       and|   0|  0|    2|           1|           1|
    |and_ln27_1_fu_512_p2        |       and|   0|  0|    2|           1|           1|
    |and_ln27_2_fu_552_p2        |       and|   0|  0|    2|           1|           1|
    |and_ln27_fu_558_p2          |       and|   0|  0|    2|           1|           1|
    |p_Result_17_fu_1771_p2      |       and|   0|  0|   30|          30|          30|
    |p_Result_22_fu_1876_p2      |       and|   0|  0|   16|          16|          16|
    |ashr_ln575_1_fu_907_p2      |      ashr|   0|  0|  161|          54|          54|
    |ashr_ln575_2_fu_787_p2      |      ashr|   0|  0|  161|          54|          54|
    |ashr_ln575_3_fu_1466_p2     |      ashr|   0|  0|  161|          54|          54|
    |ashr_ln575_4_fu_1100_p2     |      ashr|   0|  0|  161|          54|          54|
    |ashr_ln575_5_fu_847_p2      |      ashr|   0|  0|  161|          54|          54|
    |ashr_ln575_fu_1283_p2       |      ashr|   0|  0|  161|          54|          54|
    |grp_fu_423_p2               |      icmp|   0|  0|   12|          12|           4|
    |grp_fu_449_p2               |      icmp|   0|  0|   12|          12|           4|
    |grp_fu_465_p2               |      icmp|   0|  0|   11|           8|           1|
    |grp_fu_471_p2               |      icmp|   0|  0|   12|          12|           6|
    |icmp_ln1090_1_fu_1659_p2    |      icmp|   0|  0|   13|          16|           1|
    |icmp_ln1090_fu_1530_p2      |      icmp|   0|  0|   17|          30|          15|
    |icmp_ln1101_1_fu_1855_p2    |      icmp|   0|  0|   17|          31|           1|
    |icmp_ln1101_fu_1750_p2      |      icmp|   0|  0|   17|          31|           1|
    |icmp_ln1102_1_fu_1881_p2    |      icmp|   0|  0|   13|          16|           1|
    |icmp_ln1102_fu_1776_p2      |      icmp|   0|  0|   17|          30|           1|
    |icmp_ln1113_1_fu_1939_p2    |      icmp|   0|  0|   18|          32|           1|
    |icmp_ln1113_fu_1834_p2      |      icmp|   0|  0|   18|          32|           1|
    |icmp_ln27_1_fu_500_p2       |      icmp|   0|  0|   15|          23|           1|
    |icmp_ln27_2_fu_534_p2       |      icmp|   0|  0|   11|           8|           2|
    |icmp_ln27_3_fu_540_p2       |      icmp|   0|  0|   15|          23|           1|
    |icmp_ln27_fu_494_p2         |      icmp|   0|  0|   11|           8|           2|
    |icmp_ln560_1_fu_591_p2      |      icmp|   0|  0|   28|          63|           1|
    |icmp_ln560_2_fu_668_p2      |      icmp|   0|  0|   28|          63|           1|
    |icmp_ln560_3_fu_1347_p2     |      icmp|   0|  0|   28|          63|           1|
    |icmp_ln560_4_fu_981_p2      |      icmp|   0|  0|   28|          63|           1|
    |icmp_ln560_fu_1164_p2       |      icmp|   0|  0|   28|          63|           1|
    |icmp_ln570_2_fu_707_p2      |      icmp|   0|  0|   12|          12|           4|
    |icmp_ln570_3_fu_1386_p2     |      icmp|   0|  0|   12|          12|           4|
    |icmp_ln570_4_fu_1020_p2     |      icmp|   0|  0|   12|          12|           4|
    |icmp_ln570_fu_1203_p2       |      icmp|   0|  0|   12|          12|           4|
    |icmp_ln571_2_fu_737_p2      |      icmp|   0|  0|   12|          12|           4|
    |icmp_ln571_3_fu_1412_p2     |      icmp|   0|  0|   12|          12|           4|
    |icmp_ln571_4_fu_1050_p2     |      icmp|   0|  0|   12|          12|           4|
    |icmp_ln571_fu_1233_p2       |      icmp|   0|  0|   12|          12|           4|
    |icmp_ln574_2_fu_759_p2      |      icmp|   0|  0|   12|          12|           6|
    |icmp_ln574_3_fu_1457_p2     |      icmp|   0|  0|   12|          12|           6|
    |icmp_ln574_4_fu_1072_p2     |      icmp|   0|  0|   12|          12|           6|
    |icmp_ln574_fu_1255_p2       |      icmp|   0|  0|   12|          12|           6|
    |icmp_ln592_2_fu_753_p2      |      icmp|   0|  0|   11|           8|           1|
    |icmp_ln592_3_fu_1433_p2     |      icmp|   0|  0|   11|           8|           1|
    |icmp_ln592_4_fu_1066_p2     |      icmp|   0|  0|   11|           8|           1|
    |icmp_ln592_fu_1249_p2       |      icmp|   0|  0|   11|           8|           1|
    |p_Result_30_fu_1545_p2      |      icmp|   0|  0|   17|          29|          15|
    |lshr_ln1102_1_fu_1870_p2    |      lshr|   0|  0|   35|           2|          16|
    |lshr_ln1102_fu_1765_p2      |      lshr|   0|  0|   92|           2|          30|
    |lshr_ln1113_1_fu_2024_p2    |      lshr|   0|  0|  182|          64|          64|
    |lshr_ln1113_fu_1957_p2      |      lshr|   0|  0|  182|          64|          64|
    |or_ln1104_2_fu_1820_p2      |        or|   0|  0|    2|           1|           1|
    |or_ln1104_fu_1925_p2        |        or|   0|  0|    2|           1|           1|
    |or_ln27_1_fu_546_p2         |        or|   0|  0|    2|           1|           1|
    |or_ln27_fu_506_p2           |        or|   0|  0|    2|           1|           1|
    |grp_fu_441_p3               |    select|   0|  0|   12|           1|          12|
    |m_2_fu_1978_p3              |    select|   0|  0|   64|           1|          64|
    |m_5_fu_2045_p3              |    select|   0|  0|   64|           1|          64|
    |man_V_11_fu_1373_p3         |    select|   0|  0|   54|           1|          54|
    |man_V_14_fu_1007_p3         |    select|   0|  0|   54|           1|          54|
    |man_V_2_fu_1190_p3          |    select|   0|  0|   54|           1|          54|
    |man_V_5_fu_631_p3           |    select|   0|  0|   54|           1|          54|
    |man_V_8_fu_694_p3           |    select|   0|  0|   54|           1|          54|
    |r                           |    select|   0|  0|   32|           1|           1|
    |select_ln1098_1_fu_2134_p3  |    select|   0|  0|    7|           1|           7|
    |select_ln1098_fu_2082_p3    |    select|   0|  0|    7|           1|           7|
    |select_ln1303_1_fu_1587_p3  |    select|   0|  0|   16|           1|          16|
    |select_ln1303_fu_1575_p3    |    select|   0|  0|   16|           1|          16|
    |select_ln574_1_fu_931_p3    |    select|   0|  0|   16|           1|          16|
    |select_ln574_2_fu_811_p3    |    select|   0|  0|   16|           1|          16|
    |select_ln574_3_fu_1490_p3   |    select|   0|  0|   16|           1|          16|
    |select_ln574_4_fu_1124_p3   |    select|   0|  0|   16|           1|          16|
    |select_ln574_5_fu_871_p3    |    select|   0|  0|   16|           1|          16|
    |select_ln574_fu_1307_p3     |    select|   0|  0|   16|           1|          16|
    |select_ln577_1_fu_923_p3    |    select|   0|  0|    2|           1|           2|
    |select_ln577_2_fu_803_p3    |    select|   0|  0|    2|           1|           2|
    |select_ln577_3_fu_1482_p3   |    select|   0|  0|    2|           1|           2|
    |select_ln577_4_fu_1116_p3   |    select|   0|  0|    2|           1|           2|
    |select_ln577_5_fu_863_p3    |    select|   0|  0|    2|           1|           2|
    |select_ln577_fu_1299_p3     |    select|   0|  0|    2|           1|           2|
    |select_ln592_1_fu_897_p3    |    select|   0|  0|   16|           1|          16|
    |select_ln592_2_fu_777_p3    |    select|   0|  0|   16|           1|          16|
    |select_ln592_3_fu_1449_p3   |    select|   0|  0|   16|           1|          16|
    |select_ln592_4_fu_1090_p3   |    select|   0|  0|   16|           1|          16|
    |select_ln592_5_fu_837_p3    |    select|   0|  0|   16|           1|          16|
    |select_ln592_fu_1273_p3     |    select|   0|  0|   16|           1|          16|
    |sh_amt_2_fu_725_p3          |    select|   0|  0|   12|           1|          12|
    |sh_amt_3_fu_1404_p3         |    select|   0|  0|   12|           1|          12|
    |sh_amt_4_fu_1038_p3         |    select|   0|  0|   12|           1|          12|
    |sh_amt_fu_1221_p3           |    select|   0|  0|   12|           1|          12|
    |theta                       |    select|   0|  0|   32|           1|           1|
    |tmp_V_4_fu_1601_p3          |    select|   0|  0|   16|           1|          16|
    |tmp_V_5_fu_1679_p3          |    select|   0|  0|   16|           1|          16|
    |shl_ln1114_1_fu_2039_p2     |       shl|   0|  0|  182|          64|          64|
    |shl_ln1114_fu_1972_p2       |       shl|   0|  0|  182|          64|          64|
    |shl_ln593_1_fu_891_p2       |       shl|   0|  0|   35|          16|          16|
    |shl_ln593_2_fu_771_p2       |       shl|   0|  0|   35|          16|          16|
    |shl_ln593_3_fu_1443_p2      |       shl|   0|  0|   35|          16|          16|
    |shl_ln593_4_fu_1084_p2      |       shl|   0|  0|   35|          16|          16|
    |shl_ln593_5_fu_831_p2       |       shl|   0|  0|   35|          16|          16|
    |shl_ln593_fu_1267_p2        |       shl|   0|  0|   35|          16|          16|
    |xor_ln1104_1_fu_1901_p2     |       xor|   0|  0|    2|           1|           2|
    |xor_ln1104_fu_1796_p2       |       xor|   0|  0|    2|           1|           2|
    |xor_ln29_fu_564_p2          |       xor|   0|  0|   33|          32|          33|
    |xor_ln36_fu_941_p2          |       xor|   0|  0|   33|          32|          33|
    +----------------------------+----------+----+---+-----+------------+------------+
    |Total                       |          |   0|  0| 4776|        2213|        2583|
    +----------------------------+----------+----+---+-----+------------+------------+

    * Multiplexer: 
    +-------------------------+-----+-----------+-----+-----------+
    |           Name          | LUT | Input Size| Bits| Total Bits|
    +-------------------------+-----+-----------+-----+-----------+
    |ap_NS_fsm                |  177|         40|    1|         40|
    |current_cos_V_1_reg_242  |   20|          4|   16|         64|
    |current_cos_V_2_reg_226  |   20|          4|   16|         64|
    |current_cos_V_reg_258    |   20|          4|   16|         64|
    |grp_fu_409_p0            |   25|          5|   32|        160|
    |grp_fu_412_p0            |   14|          3|   32|         96|
    |p_ph2_reg_350            |   14|          3|   15|         45|
    |p_ph_reg_274             |   53|         10|   16|        160|
    |t_ph_reg_308             |   20|          4|   16|         64|
    +-------------------------+-----+-----------+-----+-----------+
    |Total                    |  363|         77|  160|        757|
    +-------------------------+-----+-----------+-----+-----------+

    * Register: 
    +-----------------------------------------------------------------+----+----+-----+-----------+
    |                               Name                              | FF | LUT| Bits| Const Bits|
    +-----------------------------------------------------------------+----+----+-----+-----------+
    |and_ln27_1_reg_2221                                              |   1|   0|    1|          0|
    |ap_CS_fsm                                                        |  39|   0|   39|          0|
    |bitcast_ln27_1_reg_2225                                          |  32|   0|   32|          0|
    |bitcast_ln27_reg_2214                                            |  32|   0|   32|          0|
    |current_cos_V_1_reg_242                                          |  16|   0|   16|          0|
    |current_cos_V_2_reg_226                                          |  16|   0|   16|          0|
    |current_cos_V_reg_258                                            |  16|   0|   16|          0|
    |exp_tmp_1_reg_2253                                               |  11|   0|   11|          0|
    |exp_tmp_2_reg_2283                                               |  11|   0|   11|          0|
    |exp_tmp_3_reg_2560                                               |  11|   0|   11|          0|
    |exp_tmp_4_reg_2432                                               |  11|   0|   11|          0|
    |exp_tmp_reg_2495                                                 |  11|   0|   11|          0|
    |grp_cordiccart2pol_Pipeline_VITIS_LOOP_48_1_fu_395_ap_start_reg  |   1|   0|    1|          0|
    |icmp_ln1090_1_reg_2685                                           |   1|   0|    1|          0|
    |icmp_ln1090_reg_2623                                             |   1|   0|    1|          0|
    |icmp_ln1113_1_reg_2739                                           |   1|   0|    1|          0|
    |icmp_ln1113_reg_2729                                             |   1|   0|    1|          0|
    |icmp_ln560_1_reg_2249                                            |   1|   0|    1|          0|
    |icmp_ln560_2_reg_2293                                            |   1|   0|    1|          0|
    |icmp_ln560_3_reg_2570                                            |   1|   0|    1|          0|
    |icmp_ln560_4_reg_2442                                            |   1|   0|    1|          0|
    |icmp_ln560_reg_2505                                              |   1|   0|    1|          0|
    |icmp_ln570_1_reg_2378                                            |   1|   0|    1|          0|
    |icmp_ln570_3_reg_2581                                            |   1|   0|    1|          0|
    |icmp_ln570_reg_2516                                              |   1|   0|    1|          0|
    |icmp_ln571_1_reg_2388                                            |   1|   0|    1|          0|
    |icmp_ln571_3_reg_2592                                            |   1|   0|    1|          0|
    |icmp_ln571_reg_2526                                              |   1|   0|    1|          0|
    |icmp_ln574_1_reg_2397                                            |   1|   0|    1|          0|
    |icmp_ln574_2_reg_2321                                            |   1|   0|    1|          0|
    |icmp_ln574_4_reg_2470                                            |   1|   0|    1|          0|
    |icmp_ln574_5_reg_2358                                            |   1|   0|    1|          0|
    |icmp_ln574_reg_2535                                              |   1|   0|    1|          0|
    |icmp_ln592_1_reg_2392                                            |   1|   0|    1|          0|
    |icmp_ln592_2_reg_2316                                            |   1|   0|    1|          0|
    |icmp_ln592_4_reg_2465                                            |   1|   0|    1|          0|
    |icmp_ln592_5_reg_2353                                            |   1|   0|    1|          0|
    |icmp_ln592_reg_2530                                              |   1|   0|    1|          0|
    |m_9_reg_2744                                                     |  63|   0|   63|          0|
    |m_reg_2754                                                       |  63|   0|   63|          0|
    |man_V_11_reg_2574                                                |  54|   0|   54|          0|
    |man_V_14_reg_2446                                                |  54|   0|   54|          0|
    |man_V_2_reg_2509                                                 |  54|   0|   54|          0|
    |man_V_5_reg_2268                                                 |  54|   0|   54|          0|
    |man_V_8_reg_2297                                                 |  54|   0|   54|          0|
    |mul_ln1303_reg_2639                                              |  59|   0|   59|          0|
    |or_ln1104_1_reg_2734                                             |   1|   0|    2|          1|
    |or_ln_reg_2724                                                   |   1|   0|    2|          1|
    |p_Result_18_reg_2749                                             |   1|   0|    1|          0|
    |p_Result_24_reg_2759                                             |   1|   0|    1|          0|
    |p_Result_26_reg_2490                                             |   1|   0|    1|          0|
    |p_Result_28_reg_2555                                             |   1|   0|    1|          0|
    |p_Result_30_reg_2633                                             |   1|   0|    1|          0|
    |p_Result_33_reg_2690                                             |   1|   0|    1|          0|
    |p_Result_36_reg_2244                                             |   1|   0|    1|          0|
    |p_Result_38_reg_2427                                             |   1|   0|    1|          0|
    |p_Result_40_reg_2278                                             |   1|   0|    1|          0|
    |p_ph2_reg_350                                                    |  15|   0|   15|          0|
    |p_ph_reg_274                                                     |  16|   0|   16|          0|
    |select_ln1303_1_reg_2650                                         |  16|   0|   16|          0|
    |select_ln574_3_reg_2601                                          |  16|   0|   16|          0|
    |select_ln592_3_reg_2596                                          |  16|   0|   16|          0|
    |sext_ln1092_reg_2656                                             |  30|   0|   30|          0|
    |sext_ln570_1_reg_2382                                            |  32|   0|   32|          0|
    |sext_ln570_2_reg_2307                                            |  32|   0|   32|          0|
    |sext_ln570_4_reg_2456                                            |  32|   0|   32|          0|
    |sext_ln570_5_reg_2344                                            |  32|   0|   32|          0|
    |sext_ln570_reg_2520                                              |  32|   0|   32|          0|
    |sh_amt_3_reg_2585                                                |  12|   0|   12|          0|
    |sub_ln1099_1_reg_2702                                            |  32|   0|   32|          0|
    |sub_ln1099_reg_2663                                              |  32|   0|   32|          0|
    |t_ph_reg_308                                                     |  16|   0|   16|          0|
    |t_reg_2611                                                       |  16|   0|   29|         13|
    |tmp_20_reg_2617                                                  |   1|   0|    1|          0|
    |tmp_22_reg_2644                                                  |  16|   0|   16|          0|
    |tmp_2_reg_2209                                                   |   1|   0|    1|          0|
    |tmp_V_5_reg_2695                                                 |  16|   0|   16|          0|
    |trunc_ln1098_1_reg_2719                                          |   8|   0|    8|          0|
    |trunc_ln1098_reg_2680                                            |   8|   0|    8|          0|
    |trunc_ln1099_1_reg_2709                                          |  16|   0|   16|          0|
    |trunc_ln1099_reg_2670                                            |  30|   0|   30|          0|
    |trunc_ln1102_1_reg_2714                                          |   4|   0|    4|          0|
    |trunc_ln1102_reg_2675                                            |   5|   0|    5|          0|
    |trunc_ln554_1_reg_2258                                           |  52|   0|   52|          0|
    |trunc_ln554_2_reg_2288                                           |  52|   0|   52|          0|
    |trunc_ln554_3_reg_2565                                           |  52|   0|   52|          0|
    |trunc_ln554_4_reg_2437                                           |  52|   0|   52|          0|
    |trunc_ln554_reg_2500                                             |  52|   0|   52|          0|
    |x_read_reg_2190                                                  |  32|   0|   32|          0|
    |xor_ln29_reg_2234                                                |  32|   0|   32|          0|
    |xor_ln36_reg_2417                                                |  32|   0|   32|          0|
    |y_read_reg_2183                                                  |  32|   0|   32|          0|
    |zext_ln455_1_reg_2263                                            |  11|   0|   12|          1|
    +-----------------------------------------------------------------+----+----+-----+-----------+
    |Total                                                            |1580|   0| 1596|         16|
    +-----------------------------------------------------------------+----+----+-----+-----------+



================================================================
== Interface
================================================================
* Summary: 
+-----------------------+-----+-----+------------+----------------+--------------+
|       RTL Ports       | Dir | Bits|  Protocol  |  Source Object |    C Type    |
+-----------------------+-----+-----+------------+----------------+--------------+
|s_axi_control_AWVALID  |   in|    1|       s_axi|         control|       pointer|
|s_axi_control_AWREADY  |  out|    1|       s_axi|         control|       pointer|
|s_axi_control_AWADDR   |   in|    6|       s_axi|         control|       pointer|
|s_axi_control_WVALID   |   in|    1|       s_axi|         control|       pointer|
|s_axi_control_WREADY   |  out|    1|       s_axi|         control|       pointer|
|s_axi_control_WDATA    |   in|   32|       s_axi|         control|       pointer|
|s_axi_control_WSTRB    |   in|    4|       s_axi|         control|       pointer|
|s_axi_control_ARVALID  |   in|    1|       s_axi|         control|       pointer|
|s_axi_control_ARREADY  |  out|    1|       s_axi|         control|       pointer|
|s_axi_control_ARADDR   |   in|    6|       s_axi|         control|       pointer|
|s_axi_control_RVALID   |  out|    1|       s_axi|         control|       pointer|
|s_axi_control_RREADY   |   in|    1|       s_axi|         control|       pointer|
|s_axi_control_RDATA    |  out|   32|       s_axi|         control|       pointer|
|s_axi_control_RRESP    |  out|    2|       s_axi|         control|       pointer|
|s_axi_control_BVALID   |  out|    1|       s_axi|         control|       pointer|
|s_axi_control_BREADY   |   in|    1|       s_axi|         control|       pointer|
|s_axi_control_BRESP    |  out|    2|       s_axi|         control|       pointer|
|ap_clk                 |   in|    1|  ap_ctrl_hs|  cordiccart2pol|  return value|
|ap_rst_n               |   in|    1|  ap_ctrl_hs|  cordiccart2pol|  return value|
|interrupt              |  out|    1|  ap_ctrl_hs|  cordiccart2pol|  return value|
+-----------------------+-----+-----+------------+----------------+--------------+

